#
# There is insufficient memory for the Java Runtime Environment to continue.
# Native memory allocation (mmap) failed to map 65536 bytes for Failed to commit metaspace.
# Possible reasons:
#   The system is out of physical RAM or swap space
#   The process is running with CompressedOops enabled, and the Java Heap may be blocking the growth of the native heap
# Possible solutions:
#   Reduce memory load on the system
#   Increase physical memory or swap space
#   Check if swap backing store is full
#   Decrease Java heap size (-Xmx/-Xms)
#   Decrease number of Java threads
#   Decrease Java thread stack sizes (-Xss)
#   Set larger code cache with -XX:ReservedCodeCacheSize=
#   JVM is running with Unscaled Compressed Oops mode in which the Java heap is
#     placed in the first 4GB address space. The Java Heap base address is the
#     maximum limit for the native heap growth. Please use -XX:HeapBaseMinAddress
#     to set the Java Heap base and to place the Java Heap above 4GB virtual address.
# This output file may be truncated or incomplete.
#
#  Out of Memory Error (virtualSpaceNode.cpp:112), pid=6452, tid=11272
#
# JRE version: Java(TM) SE Runtime Environment (21.0.9+7) (build 21.0.9+7-LTS-338)
# Java VM: Java HotSpot(TM) 64-Bit Server VM (21.0.9+7-LTS-338, mixed mode, emulated-client, sharing, tiered, compressed oops, compressed class ptrs, g1 gc, windows-amd64)
# No core dump will be written. Minidumps are not enabled by default on client versions of Windows
#

---------------  S U M M A R Y ------------

Command Line: -Dcool.request.port=51214 -Dcool.request.hook.sql=false -javaagent:C:\Users\user\.config\.cool-request\request\lib\cool-request-agent.jar -XX:TieredStopAtLevel=1 -Dspring.output.ansi.enabled=always -Dcom.sun.management.jmxremote -Dspring.jmx.enabled=true -Dspring.liveBeansView.mbeanDomain -Dspring.application.admin.enabled=true -Dmanagement.endpoints.jmx.exposure.include=* -javaagent:C:\Program Files\JetBrains\IntelliJ IDEA 2025.2.2\lib\idea_rt.jar=52147 -Dfile.encoding=UTF-8 -Dsun.stdout.encoding=UTF-8 -Dsun.stderr.encoding=UTF-8 padeJeux1.com.PadeJeux1Application

Host: Intel(R) Celeron(R) N4500 @ 1.10GHz, 2 cores, 3G,  Windows 10 , 64 bit Build 19041 (10.0.19041.5915)
Time: Fri Apr 10 20:11:53 2026 elapsed time: 3.701007 seconds (0d 0h 0m 3s)

---------------  T H R E A D  ---------------

Current thread (0x00000205ff312f90):  JavaThread "background-preinit"        [_thread_in_vm, id=11272, stack(0x000000b0d0600000,0x000000b0d0700000) (1024K)]

Stack: [0x000000b0d0600000,0x000000b0d0700000]
Native frames: (J=compiled Java code, j=interpreted, Vv=VM code, C=native code)
V  [jvm.dll+0x6cbf89]
V  [jvm.dll+0x858421]
V  [jvm.dll+0x85a94e]
V  [jvm.dll+0x85b023]
V  [jvm.dll+0x27ebc6]
V  [jvm.dll+0x85403e]
V  [jvm.dll+0x66fcf5]
V  [jvm.dll+0x1e4c4c]
V  [jvm.dll+0x1e4a1e]
V  [jvm.dll+0x672623]
V  [jvm.dll+0x672442]
V  [jvm.dll+0x6706ce]
V  [jvm.dll+0x67aa87]
V  [jvm.dll+0x2159b1]
V  [jvm.dll+0x215e3a]
V  [jvm.dll+0x216861]
V  [jvm.dll+0x20bcfe]
V  [jvm.dll+0x5aec2c]
V  [jvm.dll+0x7d2486]
V  [jvm.dll+0x4725b6]
V  [jvm.dll+0x478438]
C  [java.dll+0x17ec]

Java frames: (J=compiled Java code, j=interpreted, Vv=VM code)
J 1057  java.lang.ClassLoader.defineClass1(Ljava/lang/ClassLoader;Ljava/lang/String;[BIILjava/security/ProtectionDomain;Ljava/lang/String;)Ljava/lang/Class; java.base@21.0.9 (0 bytes) @ 0x00000205b7a06191 [0x00000205b7a060c0+0x00000000000000d1]
J 1486 c1 java.lang.ClassLoader.defineClass(Ljava/lang/String;[BIILjava/security/ProtectionDomain;)Ljava/lang/Class; java.base@21.0.9 (43 bytes) @ 0x00000205b7ac227c [0x00000205b7ac2160+0x000000000000011c]
J 1476 c1 jdk.internal.loader.BuiltinClassLoader.defineClass(Ljava/lang/String;Ljdk/internal/loader/Resource;)Ljava/lang/Class; java.base@21.0.9 (121 bytes) @ 0x00000205b7abcf14 [0x00000205b7abc9c0+0x0000000000000554]
J 1475 c1 jdk.internal.loader.BuiltinClassLoader.findClassOnClassPathOrNull(Ljava/lang/String;)Ljava/lang/Class; java.base@21.0.9 (64 bytes) @ 0x00000205b7abbfb4 [0x00000205b7abbce0+0x00000000000002d4]
J 976 c1 jdk.internal.loader.BuiltinClassLoader.loadClassOrNull(Ljava/lang/String;Z)Ljava/lang/Class; java.base@21.0.9 (143 bytes) @ 0x00000205b79e267c [0x00000205b79e2280+0x00000000000003fc]
J 1056 c1 jdk.internal.loader.ClassLoaders$AppClassLoader.loadClass(Ljava/lang/String;Z)Ljava/lang/Class; java.base@21.0.9 (40 bytes) @ 0x00000205b7a05c8c [0x00000205b7a05c40+0x000000000000004c]
J 1044 c1 java.lang.ClassLoader.loadClass(Ljava/lang/String;)Ljava/lang/Class; java.base@21.0.9 (7 bytes) @ 0x00000205b79ffc94 [0x00000205b79ffc40+0x0000000000000054]
v  ~StubRoutines::call_stub 0x00000205b7761015
J 850  java.lang.Class.forName0(Ljava/lang/String;ZLjava/lang/ClassLoader;Ljava/lang/Class;)Ljava/lang/Class; java.base@21.0.9 (0 bytes) @ 0x00000205b79b505f [0x00000205b79b4fc0+0x000000000000009f]
J 1396 c1 java.lang.Class.forName(Ljava/lang/String;ZLjava/lang/ClassLoader;Ljava/lang/Class;)Ljava/lang/Class; java.base@21.0.9 (41 bytes) @ 0x00000205b7a945e4 [0x00000205b7a945c0+0x0000000000000024]
J 1395 c1 java.lang.Class.forName(Ljava/lang/String;ZLjava/lang/ClassLoader;)Ljava/lang/Class; java.base@21.0.9 (24 bytes) @ 0x00000205b7a942ec [0x00000205b7a942c0+0x000000000000002c]
j  org.jboss.logging.Logger.doGetMessageLogger(Ljava/lang/Class;Ljava/lang/String;Ljava/util/Locale;)Ljava/lang/Object;+181
j  org.jboss.logging.Logger.getMessageLogger(Ljava/lang/Class;Ljava/lang/String;Ljava/util/Locale;)Ljava/lang/Object;+9
j  org.jboss.logging.Logger.getMessageLogger(Ljava/lang/Class;Ljava/lang/String;)Ljava/lang/Object;+5
j  org.hibernate.validator.internal.util.logging.LoggerFactory.make(Ljava/lang/invoke/MethodHandles$Lookup;)Lorg/hibernate/validator/internal/util/logging/Log;+11
j  org.hibernate.validator.internal.util.Version.<clinit>()V+3
v  ~StubRoutines::call_stub 0x00000205b7761015
j  org.hibernate.validator.internal.engine.AbstractConfigurationImpl.<clinit>()V+16
v  ~StubRoutines::call_stub 0x00000205b7761015
j  org.hibernate.validator.HibernateValidator.createGenericConfiguration(Ljakarta/validation/spi/BootstrapState;)Ljakarta/validation/Configuration;+0
j  jakarta.validation.Validation$GenericBootstrapImpl.configure()Ljakarta/validation/Configuration;+81
j  org.springframework.boot.autoconfigure.BackgroundPreinitializer$ValidationInitializer.run()V+3
j  org.springframework.boot.autoconfigure.BackgroundPreinitializer$1.runSafely(Ljava/lang/Runnable;)Z+1
j  org.springframework.boot.autoconfigure.BackgroundPreinitializer$1.run()V+20
j  java.lang.Thread.runWith(Ljava/lang/Object;Ljava/lang/Runnable;)V+5 java.base@21.0.9
j  java.lang.Thread.run()V+19 java.base@21.0.9
v  ~StubRoutines::call_stub 0x00000205b7761015

Compiled method (n/a)    3744 1057     n 0       java.lang.ClassLoader::defineClass1 (native)
 total in heap  [0x00000205b7a05f10,0x00000205b7a06570] = 1632
 relocation     [0x00000205b7a06070,0x00000205b7a060b0] = 64
 main code      [0x00000205b7a060c0,0x00000205b7a0656d] = 1197
 stub code      [0x00000205b7a0656d,0x00000205b7a06570] = 3

[Constant Pool (empty)]

[MachCode]
[Entry Point]
  # {method} {0x00000205be43a5f0} 'defineClass1' '(Ljava/lang/ClassLoader;Ljava/lang/String;[BIILjava/security/ProtectionDomain;Ljava/lang/String;)Ljava/lang/Class;' in 'java/lang/ClassLoader'
  # parm0:    rdx:rdx   = 'java/lang/ClassLoader'
  # parm1:    r8:r8     = 'java/lang/String'
  # parm2:    r9:r9     = '[B'
  # parm3:    rdi       = int
  # parm4:    rsi       = int
  # parm5:    rcx:rcx   = 'java/security/ProtectionDomain'
  # parm6:    [sp+0xa0]   = 'java/lang/String'  (sp of caller)
  0x00000205b7a060c0: 448b 5208 | 49bb 0000 | 00be 0502 | 0000 4d03 | d349 3bc2 | 0f84 0600 

  0x00000205b7a060d8: ;   {runtime_call ic_miss_stub}
  0x00000205b7a060d8: 0000 e9a1 | 86da ff90 
[Verified Entry Point]
  0x00000205b7a060e0: 8984 2400 | 80ff ff55 | 488b ec48 | 81ec 9000 | 0000 6690 | 4181 7f20 | 0100 0000 

  0x00000205b7a060fc: ;   {runtime_call StubRoutines (final stubs)}
  0x00000205b7a060fc: 7405 e87d | ead8 ff48 | 837d 1000 | 488d 4510 | 480f 4445 | 1048 8944 | 2440 4889 | 4c24 7048 
  0x00000205b7a0611c: 83f9 0048 | 8d44 2470 | 480f 4444 | 2470 4889 | 4424 3848 | 8974 2430 | 4889 7c24 | 284c 894c 
  0x00000205b7a0613c: 2458 4983 | f900 488d | 4424 5848 | 0f44 4424 | 5848 8944 | 2420 4c89 | 4424 5049 | 83f8 004c 
  0x00000205b7a0615c: 8d4c 2450 | 4c0f 444c | 2450 4889 | 5424 4848 | 83fa 004c | 8d44 2448 | 4c0f 4444 

  0x00000205b7a06178: ;   {oop(a 'java/lang/Class'{0x00000000c3378c60} = 'java/lang/ClassLoader')}
  0x00000205b7a06178: 2448 49be | 608c 37c3 | 0000 0000 | 4c89 7424 | 784c 8d74 | 2478 498b 

  0x00000205b7a06190: ; ImmutableOopMap {[72]=Oop [80]=Oop [88]=Oop [112]=Oop [120]=Oop [160]=Oop }
                      ;   {section_word}
  0x00000205b7a06190: d649 ba91 | 61a0 b705 | 0200 004d | 8997 a803 | 0000 4989 | a7a0 0300 

  0x00000205b7a061a8: ;   {external_word}
  0x00000205b7a061a8: 0049 bac0 | 871f 56fa | 7f00 0041 | 803a 000f | 844e 0000 | 0052 4150 

  0x00000205b7a061c0: ;   {metadata({method} {0x00000205be43a5f0} 'defineClass1' '(Ljava/lang/ClassLoader;Ljava/lang/String;[BIILjava/security/ProtectionDomain;Ljava/lang/String;)Ljava/lang/Class;' in 'java/lang/ClassLoader')}
  0x00000205b7a061c0: 4151 48ba | e8a5 43be | 0502 0000 | 498b cf48 | 83ec 2040 | f6c4 0f0f | 8419 0000 | 0048 83ec 
  0x00000205b7a061e0: ;   {runtime_call}
  0x00000205b7a061e0: 0848 b890 | 1ed0 55fa | 7f00 00ff | d048 83c4 | 08e9 0c00 

  0x00000205b7a061f4: ;   {runtime_call}
  0x00000205b7a061f4: 0000 48b8 | 901e d055 | fa7f 0000 | ffd0 4883 | c420 4159 | 4158 5a49 | 8d8f c003 | 0000 41c7 
  0x00000205b7a06214: 874c 0400 | 0004 0000 

  0x00000205b7a0621c: ;   {runtime_call}
  0x00000205b7a0621c: 0048 b8ac | 16eb dffa | 7f00 00ff | d041 c787 | 4c04 0000 | 0500 0000 | f083 4424 | c000 493b 
  0x00000205b7a0623c: af50 0400 | 000f 870e | 0000 0041 | 83bf 4804 | 0000 000f | 8428 0000 | 0048 8945 | f849 8bcf 
  0x00000205b7a0625c: 4c8b e448 | 83ec 2048 

  0x00000205b7a06264: ;   {runtime_call}
  0x00000205b7a06264: 83e4 f048 | b860 cb9b | 55fa 7f00 | 00ff d049 | 8be4 4d33 | e448 8b45 | f841 c787 | 4c04 0000 
  0x00000205b7a06284: 0800 0000 | 4183 bfc8 | 0400 0002 | 0f84 ad02 

  0x00000205b7a06294: ;   {external_word}
  0x00000205b7a06294: 0000 49ba | c087 1f56 | fa7f 0000 | 4180 3a00 | 0f84 4c00 | 0000 4889 

  0x00000205b7a062ac: ;   {metadata({method} {0x00000205be43a5f0} 'defineClass1' '(Ljava/lang/ClassLoader;Ljava/lang/String;[BIILjava/security/ProtectionDomain;Ljava/lang/String;)Ljava/lang/Class;' in 'java/lang/ClassLoader')}
  0x00000205b7a062ac: 45f8 48ba | e8a5 43be | 0502 0000 | 498b cf48 | 83ec 2040 | f6c4 0f0f | 8419 0000 | 0048 83ec 
  0x00000205b7a062cc: ;   {runtime_call}
  0x00000205b7a062cc: 0848 b890 | 1ed0 55fa | 7f00 00ff | d048 83c4 | 08e9 0c00 

  0x00000205b7a062e0: ;   {runtime_call}
  0x00000205b7a062e0: 0000 48b8 | 901e d055 | fa7f 0000 | ffd0 4883 | c420 488b | 45f8 49c7 | 87a0 0300 | 0000 0000 
  0x00000205b7a06300: 0049 c787 | a803 0000 | 0000 0000 | 4885 c00f | 840b 0200 | 00a8 030f | 8508 0000 | 0048 8b00 
  0x00000205b7a06320: e9fb 0100 | 00a8 010f | 8509 0000 | 0048 8b40 | fee9 ea01 | 0000 488b | 40ff 4180 | 7f40 000f 
  0x00000205b7a06340: 84db 0100 | 0048 83f8 | 000f 84d1 | 0100 0049 | 8b4f 2848 | 83f9 000f | 8414 0000 | 0048 83e9 
  0x00000205b7a06360: 0849 894f | 2849 034f | 3848 8901 | e9af 0100 | 0048 81ec | d000 0000 | 4889 0424 | 4889 4c24 
  0x00000205b7a06380: 0848 8954 | 2410 4889 | 7424 1848 | 897c 2420 | 4c89 4424 | 284c 894c | 2430 4c89 | 5424 384c 
  0x00000205b7a063a0: 895c 2440 | f20f 1144 | 2450 f20f | 114c 2458 | f20f 1154 | 2460 f20f | 115c 2468 | f20f 1164 
  0x00000205b7a063c0: 2470 f20f | 116c 2478 | f20f 11b4 | 2480 0000 | 00f2 0f11 | bc24 8800 | 0000 f244 | 0f11 8424 
  0x00000205b7a063e0: ;   {no_reloc}
  0x00000205b7a063e0: 9000 0000 | f244 0f11 | 8c24 9800 | 0000 f244 | 0f11 9424 | a000 0000 | f244 0f11 | 9c24 a800 
  0x00000205b7a06400: 0000 f244 | 0f11 a424 | b000 0000 | f244 0f11 | ac24 b800 | 0000 f244 | 0f11 b424 | c000 0000 
  0x00000205b7a06420: f244 0f11 | bc24 c800 | 0000 498b | d748 8bc8 | 4883 ec20 | 40f6 c40f | 0f84 1900 | 0000 4883 
  0x00000205b7a06440: ;   {runtime_call}
  0x00000205b7a06440: ec08 48b8 | d001 8f55 | fa7f 0000 | ffd0 4883 | c408 e90c 

  0x00000205b7a06454: ;   {runtime_call}
  0x00000205b7a06454: 0000 0048 | b8d0 018f | 55fa 7f00 | 00ff d048 | 83c4 20f2 | 440f 10bc | 24c8 0000 | 00f2 440f 
  0x00000205b7a06474: 10b4 24c0 | 0000 00f2 | 440f 10ac | 24b8 0000 | 00f2 440f | 10a4 24b0 | 0000 00f2 | 440f 109c 
  0x00000205b7a06494: 24a8 0000 | 00f2 440f | 1094 24a0 | 0000 00f2 | 440f 108c | 2498 0000 | 00f2 440f | 1084 2490 
  0x00000205b7a064b4: 0000 00f2 | 0f10 bc24 | 8800 0000 | f20f 10b4 | 2480 0000 | 00f2 0f10 | 6c24 78f2 | 0f10 6424 
  0x00000205b7a064d4: 70f2 0f10 | 5c24 68f2 | 0f10 5424 | 60f2 0f10 | 4c24 58f2 | 0f10 4424 | 504c 8b5c | 2440 4c8b 
  0x00000205b7a064f4: 5424 384c | 8b4c 2430 | 4c8b 4424 | 2848 8b7c | 2420 488b | 7424 1848 | 8b54 2410 | 488b 4c24 
  0x00000205b7a06514: 0848 8b04 | 2448 81c4 | d000 0000 | 498b 8f30 | 0400 00c7 | 8100 0100 | 0000 0000 | 00c9 4983 
  0x00000205b7a06534: 7f08 000f | 8501 0000 

  0x00000205b7a0653c: ;   {runtime_call StubRoutines (initial stubs)}
  0x00000205b7a0653c: 00c3 e9bd | a9d5 ff48 | 8945 f84c | 8be4 4883 | ec20 4883 

  0x00000205b7a06550: ;   {runtime_call}
  0x00000205b7a06550: e4f0 48b8 | 4056 d055 | fa7f 0000 | ffd0 498b | e44d 33e4 | 488b 45f8 | e929 fdff | fff4 f4f4 
[/MachCode]


Compiled method (c1)    3757 1486       1       java.lang.ClassLoader::defineClass (43 bytes)
 total in heap  [0x00000205b7ac1f90,0x00000205b7ac2570] = 1504
 relocation     [0x00000205b7ac20f0,0x00000205b7ac2160] = 112
 main code      [0x00000205b7ac2160,0x00000205b7ac2320] = 448
 stub code      [0x00000205b7ac2320,0x00000205b7ac2398] = 120
 metadata       [0x00000205b7ac2398,0x00000205b7ac23d8] = 64
 scopes data    [0x00000205b7ac23d8,0x00000205b7ac2490] = 184
 scopes pcs     [0x00000205b7ac2490,0x00000205b7ac2530] = 160
 dependencies   [0x00000205b7ac2530,0x00000205b7ac2548] = 24
 nul chk table  [0x00000205b7ac2548,0x00000205b7ac2570] = 40

[Constant Pool (empty)]

[MachCode]
[Entry Point]
  # {method} {0x00000205be43a970} 'defineClass' '(Ljava/lang/String;[BIILjava/security/ProtectionDomain;)Ljava/lang/Class;' in 'java/lang/ClassLoader'
  # this:     rdx:rdx   = 'java/lang/ClassLoader'
  # parm0:    r8:r8     = 'java/lang/String'
  # parm1:    r9:r9     = '[B'
  # parm2:    rdi       = int
  # parm3:    rsi       = int
  # parm4:    rcx:rcx   = 'java/security/ProtectionDomain'
  #           [sp+0xc0]  (sp of caller)
  0x00000205b7ac2160: 448b 5208 | 49bb 0000 | 00be 0502 | 0000 4d03 | d34c 3bd0 

  0x00000205b7ac2174: ;   {runtime_call ic_miss_stub}
  0x00000205b7ac2174: 0f85 06c6 | ceff 660f | 1f44 0000 
[Verified Entry Point]
  0x00000205b7ac2180: 8984 2400 | 80ff ff55 | 4881 ecb0 | 0000 0090 | 4181 7f20 | 0100 0000 

  0x00000205b7ac2198: ;   {runtime_call StubRoutines (final stubs)}
  0x00000205b7ac2198: 7405 e8e1 | 29cd ff48 | 8954 2478 | 89b4 2494 | 0000 0089 | bc24 9000 | 0000 4c89 | 8c24 8800 
  0x00000205b7ac21b8: 0000 498b | d84c 8bc3 | 4c8b c948 | 8bca 488b | d148 899c | 2480 0000 | 0066 0f1f 

  0x00000205b7ac21d4: ;   {optimized virtual_call}
  0x00000205b7ac21d4: 4400 00e8 

  0x00000205b7ac21d8: ; ImmutableOopMap {[120]=Oop [128]=Oop [136]=Oop }
                      ;*invokevirtual preDefineClass {reexecute=0 rethrow=0 return_oop=0}
                      ; - java.lang.ClassLoader::defineClass@4 (line 1025)
  0x00000205b7ac21d8: 6417 ffff 

  0x00000205b7ac21dc: ;   {other}
  0x00000205b7ac21dc: 0f1f 8400 | 4c02 0000 | 4889 8424 | 9800 0000 

  0x00000205b7ac21ec: ; implicit exception: dispatches to 0x00000205b7ac22ca
  0x00000205b7ac21ec: 448b 4010 | 4d85 c00f | 850f 0000 

  0x00000205b7ac21f8: ;   {oop(nullptr)}
  0x00000205b7ac21f8: 0048 bb00 | 0000 0000 | 0000 00e9 | 3f00 0000 

  0x00000205b7ac2208: ; implicit exception: dispatches to 0x00000205b7ac22cf
  0x00000205b7ac2208: 458b 400c | 4d85 c00f | 850f 0000 

  0x00000205b7ac2214: ;   {oop(nullptr)}
  0x00000205b7ac2214: 0048 bb00 | 0000 0000 | 0000 00e9 | 2300 0000 

  0x00000205b7ac2224: ; implicit exception: dispatches to 0x00000205b7ac22d4
  0x00000205b7ac2224: 418b 5038 

  0x00000205b7ac2228: ; implicit exception: dispatches to 0x00000205b7ac22d9
  0x00000205b7ac2228: 483b 020f 

  0x00000205b7ac222c: ;   {optimized virtual_call}
  0x00000205b7ac222c: 1f40 00e8 

  0x00000205b7ac2230: ; ImmutableOopMap {[120]=Oop [128]=Oop [136]=Oop [152]=Oop }
                      ;*invokevirtual toExternalForm {reexecute=0 rethrow=0 return_oop=0}
                      ; - java.net.URL::toExternalForm@5 (line 1203)
                      ; - java.net.URL::toString@1 (line 1189)
                      ; - java.lang.ClassLoader::defineClassSourceLocation@22 (line 927)
                      ; - java.lang.ClassLoader::defineClass@12 (line 1026)
  0x00000205b7ac2230: ccad 0000 

  0x00000205b7ac2234: ;   {other}
  0x00000205b7ac2234: 0f1f 8400 | a402 0001 | 488b d848 | 8b84 2498 | 0000 008b | b424 9400 | 0000 8bbc | 2490 0000 
  0x00000205b7ac2254: 004c 8b8c | 2488 0000 | 004c 8b84 | 2480 0000 | 0048 8b54 | 2478 4c8b | da49 8bd3 | 488b c848 
  0x00000205b7ac2274: ;   {static_call}
  0x00000205b7ac2274: 891c 24e8 

  0x00000205b7ac2278: ; ImmutableOopMap {[120]=Oop [152]=Oop }
                      ;*invokestatic defineClass1 {reexecute=0 rethrow=0 return_oop=0}
                      ; - java.lang.ClassLoader::defineClass@27 (line 1027)
  0x00000205b7ac2278: 643e f4ff 

  0x00000205b7ac227c: ;   {other}
  0x00000205b7ac227c: 0f1f 8400 | ec02 0002 | 4c8b c04c | 8b8c 2498 | 0000 0048 | 8b54 2478 | 4889 8424 | a000 0000 
  0x00000205b7ac229c: ;   {optimized virtual_call}
  0x00000205b7ac229c: 6666 90e8 

  0x00000205b7ac22a0: ; ImmutableOopMap {[160]=Oop }
                      ;*invokevirtual postDefineClass {reexecute=0 rethrow=0 return_oop=0}
                      ; - java.lang.ClassLoader::defineClass@37 (line 1028)
  0x00000205b7ac22a0: dc36 ffff 

  0x00000205b7ac22a4: ;   {other}
  0x00000205b7ac22a4: 0f1f 8400 | 1403 0003 | 488b 8424 | a000 0000 | 4881 c4b0 | 0000 005d 

  0x00000205b7ac22bc: ;   {poll_return}
  0x00000205b7ac22bc: 493b a750 | 0400 000f | 8715 0000 

  0x00000205b7ac22c8: ;   {runtime_call throw_null_pointer_exception Runtime1 stub}
  0x00000205b7ac22c8: 00c3 e8b1 

  0x00000205b7ac22cc: ; ImmutableOopMap {rax=Oop [120]=Oop [128]=Oop [136]=Oop [152]=Oop }
                      ;*invokevirtual getCodeSource {reexecute=0 rethrow=0 return_oop=0}
                      ; - java.lang.ClassLoader::defineClassSourceLocation@1 (line 924)
                      ; - java.lang.ClassLoader::defineClass@12 (line 1026)
                      ;   {runtime_call throw_null_pointer_exception Runtime1 stub}
  0x00000205b7ac22cc: f2d9 ffe8 

  0x00000205b7ac22d0: ; ImmutableOopMap {rax=Oop [120]=Oop [128]=Oop [136]=Oop [152]=Oop }
                      ;*invokevirtual getLocation {reexecute=0 rethrow=0 return_oop=0}
                      ; - java.lang.ClassLoader::defineClassSourceLocation@12 (line 926)
                      ; - java.lang.ClassLoader::defineClass@12 (line 1026)
  0x00000205b7ac22d0: acf2 d9ff 

  0x00000205b7ac22d4: ;   {runtime_call throw_null_pointer_exception Runtime1 stub}
  0x00000205b7ac22d4: e8a7 f2d9 

  0x00000205b7ac22d8: ; ImmutableOopMap {r8=Oop [120]=Oop [128]=Oop [136]=Oop [152]=Oop }
                      ;*invokevirtual toString {reexecute=0 rethrow=0 return_oop=0}
                      ; - java.lang.ClassLoader::defineClassSourceLocation@22 (line 927)
                      ; - java.lang.ClassLoader::defineClass@12 (line 1026)
                      ;   {runtime_call throw_null_pointer_exception Runtime1 stub}
  0x00000205b7ac22d8: ffe8 a2f2 

  0x00000205b7ac22dc: ; ImmutableOopMap {r8=Oop rdx=Oop [120]=Oop [128]=Oop [136]=Oop [152]=Oop }
                      ;*invokevirtual toExternalForm {reexecute=0 rethrow=0 return_oop=0}
                      ; - java.net.URL::toExternalForm@5 (line 1203)
                      ; - java.net.URL::toString@1 (line 1189)
                      ; - java.lang.ClassLoader::defineClassSourceLocation@22 (line 927)
                      ; - java.lang.ClassLoader::defineClass@12 (line 1026)
                      ;   {internal_word}
  0x00000205b7ac22dc: d9ff 49ba | bc22 acb7 | 0502 0000 | 4d89 9768 

  0x00000205b7ac22ec: ;   {runtime_call SafepointBlob}
  0x00000205b7ac22ec: 0400 00e9 | 8c2f cfff | 498b 8700 | 0500 0049 | c787 0005 | 0000 0000 | 0000 49c7 | 8708 0500 
  0x00000205b7ac230c: 0000 0000 | 0048 81c4 | b000 0000 

  0x00000205b7ac2318: ;   {runtime_call unwind_exception Runtime1 stub}
  0x00000205b7ac2318: 5de9 62de | d9ff f4f4 
[Stub Code]
  0x00000205b7ac2320: ;   {no_reloc}
  0x00000205b7ac2320: 0f1f 4400 

  0x00000205b7ac2324: ;   {static_stub}
  0x00000205b7ac2324: 0048 bbd0 | 8616 be05 

  0x00000205b7ac232c: ;   {runtime_call I2C/C2I adapters}
  0x00000205b7ac232c: 0200 00e9 | b31e cfff 

  0x00000205b7ac2334: ;   {static_stub}
  0x00000205b7ac2334: 48bb 0000 | 0000 0000 

  0x00000205b7ac233c: ;   {runtime_call}
  0x00000205b7ac233c: 0000 e9fb 

  0x00000205b7ac2340: ;   {static_stub}
  0x00000205b7ac2340: ffff ff48 | bb00 0000 | 0000 0000 

  0x00000205b7ac234c: ;   {runtime_call}
  0x00000205b7ac234c: 00e9 fbff 

  0x00000205b7ac2350: ;   {static_stub}
  0x00000205b7ac2350: ffff 48bb | 0000 0000 | 0000 0000 

  0x00000205b7ac235c: ;   {runtime_call}
  0x00000205b7ac235c: e9fb ffff 

  0x00000205b7ac2360: ;   {runtime_call handle_exception_from_callee Runtime1 stub}
  0x00000205b7ac2360: ffe8 1a10 

  0x00000205b7ac2364: ;   {external_word}
  0x00000205b7ac2364: daff 48b9 | b078 f755 | fa7f 0000 | 4883 e4f0 

  0x00000205b7ac2374: ;   {runtime_call}
  0x00000205b7ac2374: 48b8 9041 | bf55 fa7f | 0000 ffd0 

  0x00000205b7ac2380: ;   {section_word}
  0x00000205b7ac2380: f449 ba81 | 23ac b705 | 0200 0041 

  0x00000205b7ac238c: ;   {runtime_call DeoptimizationBlob}
  0x00000205b7ac238c: 52e9 0e28 | cfff f4f4 | f4f4 f4f4 
[/MachCode]


Compiled method (c1)    3768 1476       1       jdk.internal.loader.BuiltinClassLoader::defineClass (121 bytes)
 total in heap  [0x00000205b7abc710,0x00000205b7abd648] = 3896
 relocation     [0x00000205b7abc870,0x00000205b7abc9b8] = 328
 main code      [0x00000205b7abc9c0,0x00000205b7abd080] = 1728
 stub code      [0x00000205b7abd080,0x00000205b7abd1a0] = 288
 metadata       [0x00000205b7abd1a0,0x00000205b7abd1f8] = 88
 scopes data    [0x00000205b7abd1f8,0x00000205b7abd450] = 600
 scopes pcs     [0x00000205b7abd450,0x00000205b7abd5f0] = 416
 dependencies   [0x00000205b7abd5f0,0x00000205b7abd610] = 32
 handler table  [0x00000205b7abd610,0x00000205b7abd628] = 24
 nul chk table  [0x00000205b7abd628,0x00000205b7abd648] = 32

[Constant Pool (empty)]

[MachCode]
[Entry Point]
  # {method} {0x00000205be069998} 'defineClass' '(Ljava/lang/String;Ljdk/internal/loader/Resource;)Ljava/lang/Class;' in 'jdk/internal/loader/BuiltinClassLoader'
  # this:     rdx:rdx   = 'jdk/internal/loader/BuiltinClassLoader'
  # parm0:    r8:r8     = 'java/lang/String'
  # parm1:    r9:r9     = 'jdk/internal/loader/Resource'
  #           [sp+0x110]  (sp of caller)
  0x00000205b7abc9c0: 448b 5208 | 49bb 0000 | 00be 0502 | 0000 4d03 | d34c 3bd0 

  0x00000205b7abc9d4: ;   {runtime_call ic_miss_stub}
  0x00000205b7abc9d4: 0f85 a61d | cfff 660f | 1f44 0000 
[Verified Entry Point]
  0x00000205b7abc9e0: 8984 2400 | 80ff ff55 | 4881 ec00 | 0100 0090 | 4181 7f20 | 0100 0000 

  0x00000205b7abc9f8: ;   {runtime_call StubRoutines (final stubs)}
  0x00000205b7abc9f8: 7405 e881 | 81cd ff48 | 8994 24a0 | 0000 004c | 8984 2490 | 0000 004c | 898c 2498 | 0000 0049 
  0x00000205b7abca18: 8bd1 6666 | 9048 b858 | 4521 be05 

  0x00000205b7abca24: ;   {virtual_call}
  0x00000205b7abca24: 0200 00e8 

  0x00000205b7abca28: ; ImmutableOopMap {[144]=Oop [152]=Oop [160]=Oop }
                      ;*invokevirtual getCodeSourceURL {reexecute=0 rethrow=0 return_oop=0}
                      ; - jdk.internal.loader.BuiltinClassLoader::defineClass@1 (line 842)
  0x00000205b7abca28: f45c 0000 

  0x00000205b7abca2c: ;   {other}
  0x00000205b7abca2c: 0f1f 8400 | 1c03 0000 | 4889 8424 | a800 0000 | 4c8b 8424 | 9000 0000 

  0x00000205b7abca44: ; implicit exception: dispatches to 0x00000205b7abcf82
  0x00000205b7abca44: 418b 7014 

  0x00000205b7abca48: ; implicit exception: dispatches to 0x00000205b7abcf87
  0x00000205b7abca48: 8b56 0c45 | 0fbe 4810 | 498b c9c1 | e118 c1f9 | 18d3 fa48 | 8bfa ffcf | 4585 c9ba | 0000 0000 
  0x00000205b7abca68: 7505 ba01 | 0000 0083 | e201 85d2 | 488b d641 | b82e 0000 | 004c 8bcf | 0f84 1300 

  0x00000205b7abca84: ;   {static_call}
  0x00000205b7abca84: 0000 90e8 

  0x00000205b7abca88: ; ImmutableOopMap {[144]=Oop [152]=Oop [160]=Oop [168]=Oop }
                      ;*invokestatic lastIndexOf {reexecute=0 rethrow=0 return_oop=0}
                      ; - java.lang.String::lastIndexOf@13 (line 2573)
                      ; - java.lang.String::lastIndexOf@8 (line 2535)
                      ; - jdk.internal.loader.BuiltinClassLoader::defineClass@8 (line 845)
  0x00000205b7abca88: b477 dfff 

  0x00000205b7abca8c: ;   {other}
  0x00000205b7abca8c: 0f1f 8400 | 7c03 0001 | e913 0000 | 0066 0f1f 

  0x00000205b7abca9c: ;   {static_call}
  0x00000205b7abca9c: 4400 00e8 

  0x00000205b7abcaa0: ; ImmutableOopMap {[144]=Oop [152]=Oop [160]=Oop [168]=Oop }
                      ;*invokestatic lastIndexOf {reexecute=0 rethrow=0 return_oop=0}
                      ; - java.lang.String::lastIndexOf@25 (line 2574)
                      ; - java.lang.String::lastIndexOf@8 (line 2535)
                      ; - jdk.internal.loader.BuiltinClassLoader::defineClass@8 (line 845)
  0x00000205b7abcaa0: dc25 cfff 

  0x00000205b7abcaa4: ;   {other}
  0x00000205b7abcaa4: 0f1f 8400 | 9403 0002 | 83f8 ff0f | 847f 0000 | 0041 b800 | 0000 004c | 8bc8 488b | 9424 9000 
  0x00000205b7abcac4: ;   {optimized virtual_call}
  0x00000205b7abcac4: 0000 90e8 

  0x00000205b7abcac8: ; ImmutableOopMap {[144]=Oop [152]=Oop [160]=Oop [168]=Oop }
                      ;*invokevirtual substring {reexecute=0 rethrow=0 return_oop=0}
                      ; - jdk.internal.loader.BuiltinClassLoader::defineClass@23 (line 847)
  0x00000205b7abcac8: b4c4 e1ff 

  0x00000205b7abcacc: ;   {other}
  0x00000205b7abcacc: 0f1f 8400 | bc03 0003 | 488b 9424 | 9800 0000 | 4889 8424 | b000 0000 | 9048 b858 | 4521 be05 
  0x00000205b7abcaec: ;   {virtual_call}
  0x00000205b7abcaec: 0200 00e8 

  0x00000205b7abcaf0: ; ImmutableOopMap {[144]=Oop [152]=Oop [160]=Oop [168]=Oop [176]=Oop }
                      ;*invokevirtual getManifest {reexecute=0 rethrow=0 return_oop=0}
                      ; - jdk.internal.loader.BuiltinClassLoader::defineClass@29 (line 848)
  0x00000205b7abcaf0: ac5f 0000 

  0x00000205b7abcaf4: ;   {other}
  0x00000205b7abcaf4: 0f1f 8400 | e403 0004 | 4c8b 8424 | b000 0000 | 4c8b c848 | 8bbc 24a8 | 0000 0048 | 8b94 24a0 
  0x00000205b7abcb14: 0000 0066 | 0f1f 4400 | 0048 b8d8 | 9f06 be05 

  0x00000205b7abcb24: ;   {virtual_call}
  0x00000205b7abcb24: 0200 00e8 

  0x00000205b7abcb28: ; ImmutableOopMap {[144]=Oop [152]=Oop [160]=Oop [168]=Oop }
                      ;*invokevirtual defineOrCheckPackage {reexecute=0 rethrow=0 return_oop=0}
                      ; - jdk.internal.loader.BuiltinClassLoader::defineClass@40 (line 849)
  0x00000205b7abcb28: 140d 0000 

  0x00000205b7abcb2c: ;   {other}
  0x00000205b7abcb2c: 0f1f 8400 | 1c04 0005 | 4c8b 8c24 | 9800 0000 | 488d 9424 | e000 0000 | 4c89 4a08 | 498b 0148 
  0x00000205b7abcb4c: 83c8 0148 | 8902 f049 | 0fb1 110f | 8412 0000 | 0048 2bc4 | 4825 07f0 | ffff 4889 | 020f 851d 
  0x00000205b7abcb6c: 0400 0049 | ff87 5005 | 0000 418b | 510c 4885 | d20f 8551 | 0000 0049 | 8bd1 0f1f | 8000 0000 
  0x00000205b7abcb8c: 0048 b858 | 4521 be05 

  0x00000205b7abcb94: ;   {virtual_call}
  0x00000205b7abcb94: 0200 00e8 

  0x00000205b7abcb98: ; ImmutableOopMap {[144]=Oop [152]=Oop [160]=Oop [168]=Oop [232]=Oop }
                      ;*invokevirtual getInputStream {reexecute=0 rethrow=0 return_oop=0}
                      ; - jdk.internal.loader.Resource::cachedInputStream@9 (line 77)
                      ; - jdk.internal.loader.Resource::getByteBuffer@1 (line 163)
                      ; - jdk.internal.loader.BuiltinClassLoader::defineClass@45 (line 853)
  0x00000205b7abcb98: 24d2 0000 

  0x00000205b7abcb9c: ;   {other}
  0x00000205b7abcb9c: 0f1f 8400 | 8c04 0006 | 410f be57 | 4085 d24c | 8b8c 2498 | 0000 000f | 85e6 0300 | 004c 8bd0 
  0x00000205b7abcbbc: 4589 510c | 498b d148 | 33d0 48c1 | ea14 4883 | fa00 0f85 | e703 0000 | 418b 510c | 488d 8424 
  0x00000205b7abcbdc: e000 0000 | 488b 3048 | 85f6 0f84 | 0f00 0000 | 488b 7808 | f048 0fb1 | 370f 85d8 | 0300 0049 
  0x00000205b7abcbfc: ff8f 5005 | 0000 4885 | d20f 8443 

  0x00000205b7abcc08: ;   {metadata('sun/nio/ByteBuffered')}
  0x00000205b7abcc08: 0000 0048 | b888 cd36 | be05 0200 | 008b 5a08 | 49ba 0000 | 00be 0502 | 0000 4903 | da48 3b43 
  0x00000205b7abcc28: 200f 8424 | 0000 0048 | 3bd8 0f84 | 1b00 0000 

  0x00000205b7abcc38: ;   {runtime_call slow_subtype_check Runtime1 stub}
  0x00000205b7abcc38: 5350 e8c1 | 81da ff5b | 5b85 db0f | 8405 0000 | 00e9 0500 | 0000 4833 | f6eb 0a48 | be01 0000 
  0x00000205b7abcc58: 0000 0000 | 0085 f60f | 846c 0000 | 0048 85d2 | 0f84 4300 

  0x00000205b7abcc6c: ;   {metadata('sun/nio/ByteBuffered')}
  0x00000205b7abcc6c: 0000 48bb | 88cd 36be | 0502 0000 | 8b7a 0849 | ba00 0000 | be05 0200 | 0049 03fa | 483b 5f20 
  0x00000205b7abcc8c: 0f84 1f00 | 0000 483b | fb0f 8416 | 0000 0057 

  0x00000205b7abcc9c: ;   {runtime_call slow_subtype_check Runtime1 stub}
  0x00000205b7abcc9c: 53e8 5e81 | daff 5f5f | 85ff 0f84 | 3d03 0000 | e900 0000 | 000f 1f40 | 0048 b8ff | ffff ffff 
  0x00000205b7abccbc: ;   {virtual_call}
  0x00000205b7abccbc: ffff ffe8 

  0x00000205b7abccc0: ; ImmutableOopMap {[144]=Oop [152]=Oop [160]=Oop [168]=Oop }
                      ;*invokeinterface getByteBuffer {reexecute=0 rethrow=0 return_oop=0}
                      ; - jdk.internal.loader.Resource::getByteBuffer@16 (line 165)
                      ; - jdk.internal.loader.BuiltinClassLoader::defineClass@45 (line 853)
  0x00000205b7abccc0: bc20 cfff 

  0x00000205b7abccc4: ;   {other}
  0x00000205b7abccc4: 0f1f 8400 | b405 0007 | e90a 0000 

  0x00000205b7abccd0: ;   {oop(nullptr)}
  0x00000205b7abccd0: 0048 b800 | 0000 0000 | 0000 0048 | 85c0 0f84 | 0601 0000 | 4889 8424 | b800 0000 | 488b 9424 
  0x00000205b7abccf0: 9800 0000 | 9048 b8ff | ffff ffff 

  0x00000205b7abccfc: ;   {virtual_call}
  0x00000205b7abccfc: ffff ffe8 

  0x00000205b7abcd00: ; ImmutableOopMap {[144]=Oop [160]=Oop [168]=Oop [184]=Oop }
                      ;*invokevirtual getCodeSigners {reexecute=0 rethrow=0 return_oop=0}
                      ; - jdk.internal.loader.BuiltinClassLoader::defineClass@56 (line 855)
  0x00000205b7abcd00: 7c20 cfff 

  0x00000205b7abcd04: ;   {other}
  0x00000205b7abcd04: 0f1f 8400 | f405 0008 

  0x00000205b7abcd0c: ;   {metadata('java/security/CodeSource')}
  0x00000205b7abcd0c: 4c8b c848 | bad8 5a00 | be05 0200 | 0049 8b87 | b801 0000 | 488d 7828 | 493b bfc8 | 0100 000f 
  0x00000205b7abcd2c: 87c1 0200 | 0049 89bf | b801 0000 | 48c7 0001 | 0000 0048 | 8bca 49ba | 0000 00be | 0502 0000 
  0x00000205b7abcd4c: 492b ca89 | 4808 4833 | c989 480c | 4833 c948 | 8948 1048 | 8948 1848 | 8948 204c | 8b84 24a8 
  0x00000205b7abcd6c: 0000 0048 | 8bd0 4889 | 8424 c000 | 0000 0f1f 

  0x00000205b7abcd7c: ;   {optimized virtual_call}
  0x00000205b7abcd7c: 4400 00e8 

  0x00000205b7abcd80: ; ImmutableOopMap {[144]=Oop [160]=Oop [184]=Oop [192]=Oop }
                      ;*invokespecial <init> {reexecute=0 rethrow=0 return_oop=0}
                      ; - jdk.internal.loader.BuiltinClassLoader::defineClass@68 (line 856)
  0x00000205b7abcd80: fc1c cfff 

  0x00000205b7abcd84: ;   {other}
  0x00000205b7abcd84: 0f1f 8400 | 7406 0009 | 4c8b 8424 | c000 0000 | 488b 9424 | a000 0000 

  0x00000205b7abcd9c: ;   {optimized virtual_call}
  0x00000205b7abcd9c: 6666 90e8 

  0x00000205b7abcda0: ; ImmutableOopMap {[144]=Oop [160]=Oop [184]=Oop }
                      ;*invokevirtual getProtectionDomain {reexecute=0 rethrow=0 return_oop=0}
                      ; - java.security.SecureClassLoader::defineClass@5 (line 182)
                      ; - jdk.internal.loader.BuiltinClassLoader::defineClass@79 (line 857)
  0x00000205b7abcda0: dc1c cfff 

  0x00000205b7abcda4: ;   {other}
  0x00000205b7abcda4: 0f1f 8400 | 9406 000a | 4c8b 8424 | 9000 0000 | 4c8b 8c24 | b800 0000 | 488b f848 | 8b94 24a0 
  0x00000205b7abcdc4: ;   {optimized virtual_call}
  0x00000205b7abcdc4: 0000 00e8 

  0x00000205b7abcdc8: ; ImmutableOopMap {}
                      ;*invokevirtual defineClass {reexecute=0 rethrow=0 return_oop=0}
                      ; - java.security.SecureClassLoader::defineClass@8 (line 182)
                      ; - jdk.internal.loader.BuiltinClassLoader::defineClass@79 (line 857)
  0x00000205b7abcdc8: b41c cfff 

  0x00000205b7abcdcc: ;   {other}
  0x00000205b7abcdcc: 0f1f 8400 | bc06 000b | 4881 c400 | 0100 005d 

  0x00000205b7abcddc: ;   {poll_return}
  0x00000205b7abcddc: 493b a750 | 0400 000f | 8716 0200 | 00c3 4c8b | 8c24 9800 | 0000 498b | d148 b858 | 4521 be05 
  0x00000205b7abcdfc: ;   {virtual_call}
  0x00000205b7abcdfc: 0200 00e8 

  0x00000205b7abce00: ; ImmutableOopMap {[144]=Oop [152]=Oop [160]=Oop [168]=Oop }
                      ;*invokevirtual getBytes {reexecute=0 rethrow=0 return_oop=0}
                      ; - jdk.internal.loader.BuiltinClassLoader::defineClass@84 (line 859)
  0x00000205b7abce00: 5c99 0000 

  0x00000205b7abce04: ;   {other}
  0x00000205b7abce04: 0f1f 8400 | f406 000c | 4889 8424 | c800 0000 | 488b 9424 | 9800 0000 | 9048 b858 | 4521 be05 
  0x00000205b7abce24: ;   {virtual_call}
  0x00000205b7abce24: 0200 00e8 

  0x00000205b7abce28: ; ImmutableOopMap {[144]=Oop [160]=Oop [168]=Oop [200]=Oop }
                      ;*invokevirtual getCodeSigners {reexecute=0 rethrow=0 return_oop=0}
                      ; - jdk.internal.loader.BuiltinClassLoader::defineClass@90 (line 860)
  0x00000205b7abce28: 94a2 0000 

  0x00000205b7abce2c: ;   {other}
  0x00000205b7abce2c: 0f1f 8400 | 1c07 000d 

  0x00000205b7abce34: ;   {metadata('java/security/CodeSource')}
  0x00000205b7abce34: 4c8b c848 | bad8 5a00 | be05 0200 | 0049 8b87 | b801 0000 | 488d 7828 | 493b bfc8 | 0100 000f 
  0x00000205b7abce54: 87bc 0100 | 0049 89bf | b801 0000 | 48c7 0001 | 0000 0048 | 8bca 49ba | 0000 00be | 0502 0000 
  0x00000205b7abce74: 492b ca89 | 4808 4833 | c989 480c | 4833 c948 | 8948 1048 | 8948 1848 | 8948 204c | 8b84 24a8 
  0x00000205b7abce94: 0000 0048 | 8bd0 4889 | 8424 d000 | 0000 0f1f 

  0x00000205b7abcea4: ;   {optimized virtual_call}
  0x00000205b7abcea4: 4400 00e8 

  0x00000205b7abcea8: ; ImmutableOopMap {[144]=Oop [160]=Oop [200]=Oop [208]=Oop }
                      ;*invokespecial <init> {reexecute=0 rethrow=0 return_oop=0}
                      ; - jdk.internal.loader.BuiltinClassLoader::defineClass@102 (line 861)
  0x00000205b7abcea8: d453 ffff 

  0x00000205b7abceac: ;   {other}
  0x00000205b7abceac: 0f1f 8400 | 9c07 000e | 488b 8424 | c800 0000 

  0x00000205b7abcebc: ; implicit exception: dispatches to 0x00000205b7abd022
  0x00000205b7abcebc: 8b70 0c4c | 8b84 24d0 | 0000 0048 | 8b94 24a0 | 0000 0089 | b424 d800 

  0x00000205b7abced4: ;   {optimized virtual_call}
  0x00000205b7abced4: 0000 90e8 

  0x00000205b7abced8: ; ImmutableOopMap {[144]=Oop [160]=Oop [200]=Oop }
                      ;*invokevirtual getProtectionDomain {reexecute=0 rethrow=0 return_oop=0}
                      ; - java.security.SecureClassLoader::defineClass@9 (line 150)
                      ; - jdk.internal.loader.BuiltinClassLoader::defineClass@117 (line 862)
  0x00000205b7abced8: a459 ffff 

  0x00000205b7abcedc: ;   {other}
  0x00000205b7abcedc: 0f1f 8400 | cc07 000f | 4c8b 8424 | 9000 0000 | 4c8b 8c24 | c800 0000 | bf00 0000 | 008b b424 
  0x00000205b7abcefc: d800 0000 | 488b c848 | 8b94 24a0 | 0000 000f 

  0x00000205b7abcf0c: ;   {optimized virtual_call}
  0x00000205b7abcf0c: 1f40 00e8 

  0x00000205b7abcf10: ; ImmutableOopMap {}
                      ;*invokevirtual defineClass {reexecute=0 rethrow=0 return_oop=0}
                      ; - java.security.SecureClassLoader::defineClass@12 (line 150)
                      ; - jdk.internal.loader.BuiltinClassLoader::defineClass@117 (line 862)
  0x00000205b7abcf10: 6c52 0000 

  0x00000205b7abcf14: ;   {other}
  0x00000205b7abcf14: 0f1f 8400 | 0408 0010 | 4881 c400 | 0100 005d 

  0x00000205b7abcf24: ;   {poll_return}
  0x00000205b7abcf24: 493b a750 | 0400 000f | 87f6 0000 | 00c3 498b | 8700 0500 | 004d 33d2 | 4d89 9700 | 0500 004d 
  0x00000205b7abcf44: 33d2 4d89 | 9708 0500 | 0048 8bf0 | 488d 8424 | e000 0000 | 488b 3848 | 85ff 0f84 | 0f00 0000 
  0x00000205b7abcf64: 488b 5808 | f048 0fb1 | 3b0f 85ca | 0000 0049 | ff8f 5005 | 0000 488b | c6e9 ee00 

  0x00000205b7abcf80: ;   {runtime_call throw_null_pointer_exception Runtime1 stub}
  0x00000205b7abcf80: 0000 e8f9 

  0x00000205b7abcf84: ; ImmutableOopMap {rax=Oop r8=Oop [144]=Oop [152]=Oop [160]=Oop [168]=Oop }
                      ;*invokevirtual lastIndexOf {reexecute=0 rethrow=0 return_oop=0}
                      ; - jdk.internal.loader.BuiltinClassLoader::defineClass@8 (line 845)
                      ;   {runtime_call throw_null_pointer_exception Runtime1 stub}
  0x00000205b7abcf84: 45da ffe8 

  0x00000205b7abcf88: ; ImmutableOopMap {rax=Oop r8=Oop rsi=Oop [144]=Oop [152]=Oop [160]=Oop [168]=Oop }
                      ;*arraylength {reexecute=0 rethrow=0 return_oop=0}
                      ; - java.lang.String::length@4 (line 1519)
                      ; - java.lang.String::lastIndexOf@3 (line 2535)
                      ; - jdk.internal.loader.BuiltinClassLoader::defineClass@8 (line 845)
  0x00000205b7abcf88: f445 daff | 4c89 4c24 | 0848 8914 

  0x00000205b7abcf94: ;   {runtime_call monitorenter_nofpu Runtime1 stub}
  0x00000205b7abcf94: 24e8 6689 

  0x00000205b7abcf98: ; ImmutableOopMap {r9=Oop [144]=Oop [152]=Oop [160]=Oop [168]=Oop [232]=Oop }
                      ;*synchronization entry
                      ; - jdk.internal.loader.Resource::cachedInputStream@-1 (line 76)
                      ; - jdk.internal.loader.Resource::getByteBuffer@1 (line 163)
                      ; - jdk.internal.loader.BuiltinClassLoader::defineClass@45 (line 853)
  0x00000205b7abcf98: daff e9d7 | fbff ff41 | 8b51 0c48 | 83fa 000f | 840c fcff | ff48 8914 

  0x00000205b7abcfb0: ;   {runtime_call g1_pre_barrier_slow}
  0x00000205b7abcfb0: 24e8 cab4 | daff e9fe | fbff ff48 | 83f8 000f | 840f fcff | ff4c 890c 

  0x00000205b7abcfc8: ;   {runtime_call g1_post_barrier_slow}
  0x00000205b7abcfc8: 24e8 b2b7 | daff e901 | fcff ff48 | 8d84 24e0 | 0000 0048 

  0x00000205b7abcfdc: ;   {runtime_call monitorexit_nofpu Runtime1 stub}
  0x00000205b7abcfdc: 8904 24e8 | 1c8f daff | e919 fcff | ff48 8914 

  0x00000205b7abcfec: ;   {runtime_call throw_class_cast_exception Runtime1 stub}
  0x00000205b7abcfec: 24e8 0e73 

  0x00000205b7abcff0: ; ImmutableOopMap {[144]=Oop [152]=Oop [160]=Oop [168]=Oop }
                      ;*checkcast {reexecute=0 rethrow=0 return_oop=0}
                      ; - jdk.internal.loader.Resource::getByteBuffer@13 (line 165)
                      ; - jdk.internal.loader.BuiltinClassLoader::defineClass@45 (line 853)
  0x00000205b7abcff0: daff 488b 

  0x00000205b7abcff4: ;   {runtime_call fast_new_instance Runtime1 stub}
  0x00000205b7abcff4: d2e8 864e 

  0x00000205b7abcff8: ; ImmutableOopMap {r9=Oop [144]=Oop [160]=Oop [168]=Oop [184]=Oop }
                      ;*new {reexecute=0 rethrow=0 return_oop=0}
                      ; - jdk.internal.loader.BuiltinClassLoader::defineClass@61 (line 856)
  0x00000205b7abcff8: daff e968 

  0x00000205b7abcffc: ;   {internal_word}
  0x00000205b7abcffc: fdff ff49 | badc cdab | b705 0200 | 004d 8997 | 6804 0000 

  0x00000205b7abd010: ;   {runtime_call SafepointBlob}
  0x00000205b7abd010: e96b 82cf | ff48 8bd2 

  0x00000205b7abd018: ;   {runtime_call fast_new_instance Runtime1 stub}
  0x00000205b7abd018: e863 4eda 

  0x00000205b7abd01c: ; ImmutableOopMap {r9=Oop [144]=Oop [160]=Oop [168]=Oop [200]=Oop }
                      ;*new {reexecute=0 rethrow=0 return_oop=0}
                      ; - jdk.internal.loader.BuiltinClassLoader::defineClass@95 (line 861)
  0x00000205b7abd01c: ffe9 6dfe 

  0x00000205b7abd020: ;   {runtime_call throw_null_pointer_exception Runtime1 stub}
  0x00000205b7abd020: ffff e859 

  0x00000205b7abd024: ; ImmutableOopMap {rax=Oop [144]=Oop [160]=Oop [200]=Oop [208]=Oop }
                      ;*arraylength {reexecute=0 rethrow=0 return_oop=0}
                      ; - jdk.internal.loader.BuiltinClassLoader::defineClass@114 (line 862)
                      ;   {internal_word}
  0x00000205b7abd024: 45da ff49 | ba24 cfab | b705 0200 | 004d 8997 | 6804 0000 

  0x00000205b7abd038: ;   {runtime_call SafepointBlob}
  0x00000205b7abd038: e943 82cf | ff48 8d84 | 24e0 0000 | 0048 8904 

  0x00000205b7abd048: ;   {runtime_call monitorexit_nofpu Runtime1 stub}
  0x00000205b7abd048: 24e8 b28e | daff e927 | ffff ff49 | 8b87 0005 | 0000 49c7 | 8700 0500 | 0000 0000 | 0049 c787 
  0x00000205b7abd068: 0805 0000 | 0000 0000 | 4881 c400 | 0100 005d 

  0x00000205b7abd078: ;   {runtime_call unwind_exception Runtime1 stub}
  0x00000205b7abd078: e903 31da | fff4 f4f4 
[Stub Code]
  0x00000205b7abd080: ;   {no_reloc}
  0x00000205b7abd080: 0f1f 4400 

  0x00000205b7abd084: ;   {static_stub}
  0x00000205b7abd084: 0048 bb00 | 0000 0000 

  0x00000205b7abd08c: ;   {runtime_call}
  0x00000205b7abd08c: 0000 00e9 | fbff ffff 

  0x00000205b7abd094: ;   {static_stub}
  0x00000205b7abd094: 9048 bb00 | 0000 0000 

  0x00000205b7abd09c: ;   {runtime_call}
  0x00000205b7abd09c: 0000 00e9 | fbff ffff 

  0x00000205b7abd0a4: ;   {static_stub}
  0x00000205b7abd0a4: 9048 bb00 | 0000 0000 

  0x00000205b7abd0ac: ;   {runtime_call}
  0x00000205b7abd0ac: 0000 00e9 | fbff ffff 

  0x00000205b7abd0b4: ;   {static_stub}
  0x00000205b7abd0b4: 9048 bb00 | 0000 0000 

  0x00000205b7abd0bc: ;   {runtime_call}
  0x00000205b7abd0bc: 0000 00e9 | fbff ffff 

  0x00000205b7abd0c4: ;   {static_stub}
  0x00000205b7abd0c4: 9048 bb00 | 0000 0000 

  0x00000205b7abd0cc: ;   {runtime_call}
  0x00000205b7abd0cc: 0000 00e9 | fbff ffff 

  0x00000205b7abd0d4: ;   {static_stub}
  0x00000205b7abd0d4: 9048 bb00 | 0000 0000 

  0x00000205b7abd0dc: ;   {runtime_call}
  0x00000205b7abd0dc: 0000 00e9 | fbff ffff 

  0x00000205b7abd0e4: ;   {static_stub}
  0x00000205b7abd0e4: 9048 bb00 | 0000 0000 

  0x00000205b7abd0ec: ;   {runtime_call}
  0x00000205b7abd0ec: 0000 00e9 | fbff ffff 

  0x00000205b7abd0f4: ;   {static_stub}
  0x00000205b7abd0f4: 9048 bb00 | 0000 0000 

  0x00000205b7abd0fc: ;   {runtime_call}
  0x00000205b7abd0fc: 0000 00e9 | fbff ffff 

  0x00000205b7abd104: ;   {static_stub}
  0x00000205b7abd104: 48bb 0000 | 0000 0000 

  0x00000205b7abd10c: ;   {runtime_call}
  0x00000205b7abd10c: 0000 e9fb 

  0x00000205b7abd110: ;   {static_stub}
  0x00000205b7abd110: ffff ff48 | bb00 0000 | 0000 0000 

  0x00000205b7abd11c: ;   {runtime_call}
  0x00000205b7abd11c: 00e9 fbff 

  0x00000205b7abd120: ;   {static_stub}
  0x00000205b7abd120: ffff 48bb | 0000 0000 | 0000 0000 

  0x00000205b7abd12c: ;   {runtime_call}
  0x00000205b7abd12c: e9fb ffff 

  0x00000205b7abd130: ;   {static_stub}
  0x00000205b7abd130: ff48 bb00 | 0000 0000 

  0x00000205b7abd138: ;   {runtime_call}
  0x00000205b7abd138: 0000 00e9 | fbff ffff 

  0x00000205b7abd140: ;   {static_stub}
  0x00000205b7abd140: 48bb 0000 | 0000 0000 

  0x00000205b7abd148: ;   {runtime_call}
  0x00000205b7abd148: 0000 e9fb 

  0x00000205b7abd14c: ;   {static_stub}
  0x00000205b7abd14c: ffff ff48 | bb00 0000 | 0000 0000 

  0x00000205b7abd158: ;   {runtime_call}
  0x00000205b7abd158: 00e9 fbff 

  0x00000205b7abd15c: ;   {static_stub}
  0x00000205b7abd15c: ffff 48bb | 0000 0000 | 0000 0000 

  0x00000205b7abd168: ;   {runtime_call}
  0x00000205b7abd168: e9fb ffff 

  0x00000205b7abd16c: ;   {runtime_call handle_exception_from_callee Runtime1 stub}
  0x00000205b7abd16c: ffe8 0e62 

  0x00000205b7abd170: ;   {external_word}
  0x00000205b7abd170: daff 48b9 | b078 f755 | fa7f 0000 | 4883 e4f0 

  0x00000205b7abd180: ;   {runtime_call}
  0x00000205b7abd180: 48b8 9041 | bf55 fa7f | 0000 ffd0 

  0x00000205b7abd18c: ;   {section_word}
  0x00000205b7abd18c: f449 ba8d | d1ab b705 | 0200 0041 

  0x00000205b7abd198: ;   {runtime_call DeoptimizationBlob}
  0x00000205b7abd198: 52e9 027a | cfff f4f4 
[/MachCode]


---------------  P R O C E S S  ---------------

Threads class SMR info:
_java_thread_list=0x0000020584055ec0, length=20, elements={
0x00000205ad21dc80, 0x00000205bd8d82f0, 0x00000205bd8d8fb0, 0x00000205bd8ded30,
0x00000205bd8e0d00, 0x00000205bd8e19e0, 0x00000205bd8e2440, 0x00000205bd8e4eb0,
0x00000205bdb46fb0, 0x00000205ff0f1ee0, 0x00000205ff0f2550, 0x00000205ff1729f0,
0x00000205ff189e60, 0x00000205ff18a4d0, 0x00000205ff18d8b0, 0x00000205ff2d73c0,
0x00000205ff312900, 0x00000205ff313620, 0x00000205ff313cb0, 0x00000205ff312f90
}

Java Threads: ( => current thread )
  0x00000205ad21dc80 JavaThread "main"                              [_thread_in_vm, id=6540, stack(0x000000b0ced00000,0x000000b0cee00000) (1024K)]
  0x00000205bd8d82f0 JavaThread "Reference Handler"          daemon [_thread_blocked, id=4024, stack(0x000000b0cf500000,0x000000b0cf600000) (1024K)]
  0x00000205bd8d8fb0 JavaThread "Finalizer"                  daemon [_thread_blocked, id=11432, stack(0x000000b0cf600000,0x000000b0cf700000) (1024K)]
  0x00000205bd8ded30 JavaThread "Signal Dispatcher"          daemon [_thread_blocked, id=10972, stack(0x000000b0cf700000,0x000000b0cf800000) (1024K)]
  0x00000205bd8e0d00 JavaThread "Attach Listener"            daemon [_thread_blocked, id=13340, stack(0x000000b0cf800000,0x000000b0cf900000) (1024K)]
  0x00000205bd8e19e0 JavaThread "Service Thread"             daemon [_thread_blocked, id=9272, stack(0x000000b0cf900000,0x000000b0cfa00000) (1024K)]
  0x00000205bd8e2440 JavaThread "Monitor Deflation Thread"   daemon [_thread_blocked, id=2036, stack(0x000000b0cfa00000,0x000000b0cfb00000) (1024K)]
  0x00000205bd8e4eb0 JavaThread "C1 CompilerThread0"         daemon [_thread_blocked, id=14100, stack(0x000000b0cfb00000,0x000000b0cfc00000) (1024K)]
  0x00000205bdb46fb0 JavaThread "Common-Cleaner"             daemon [_thread_blocked, id=10260, stack(0x000000b0cfc00000,0x000000b0cfd00000) (1024K)]
  0x00000205ff0f1ee0 JavaThread "Monitor Ctrl-Break"         daemon [_thread_in_native, id=9888, stack(0x000000b0d0000000,0x000000b0d0100000) (1024K)]
  0x00000205ff0f2550 JavaThread "Notification Thread"        daemon [_thread_blocked, id=10280, stack(0x000000b0d0100000,0x000000b0d0200000) (1024K)]
  0x00000205ff1729f0 JavaThread "RMI TCP Accept-16175"       daemon [_thread_in_native, id=13692, stack(0x000000b0cff00000,0x000000b0d0000000) (1024K)]
  0x00000205ff189e60 JavaThread "RMI TCP Accept-0"           daemon [_thread_in_native, id=9232, stack(0x000000b0d0200000,0x000000b0d0300000) (1024K)]
  0x00000205ff18a4d0 JavaThread "RMI Reaper"                        [_thread_blocked, id=10848, stack(0x000000b0d0300000,0x000000b0d0400000) (1024K)]
  0x00000205ff18d8b0 JavaThread "RMI GC Daemon"              daemon [_thread_blocked, id=16684, stack(0x000000b0d0400000,0x000000b0d0500000) (1024K)]
  0x00000205ff2d73c0 JavaThread "RMI Scheduler(0)"           daemon [_thread_blocked, id=6964, stack(0x000000b0d0500000,0x000000b0d0600000) (1024K)]
  0x00000205ff312900 JavaThread "RMI TCP Accept-0"           daemon [_thread_in_native, id=12744, stack(0x000000b0cfe00000,0x000000b0cff00000) (1024K)]
  0x00000205ff313620 JavaThread "RMI TCP Connection(1)-127.0.0.1" daemon [_thread_in_native, id=12184, stack(0x000000b0d0700000,0x000000b0d0800000) (1024K)]
  0x00000205ff313cb0 JavaThread "RMI TCP Connection(2)-192.168.175.1" daemon [_thread_in_native, id=11468, stack(0x000000b0d0800000,0x000000b0d0900000) (1024K)]
=>0x00000205ff312f90 JavaThread "background-preinit"                [_thread_in_vm, id=11272, stack(0x000000b0d0600000,0x000000b0d0700000) (1024K)]
Total: 20

Other Threads:
  0x00000205af372da0 VMThread "VM Thread"                           [id=14144, stack(0x000000b0cf400000,0x000000b0cf500000) (1024K)]
  0x00000205af363bb0 WatcherThread "VM Periodic Task Thread"        [id=16404, stack(0x000000b0cf300000,0x000000b0cf400000) (1024K)]
  0x00000205af2f3370 WorkerThread "GC Thread#0"                     [id=11884, stack(0x000000b0cee00000,0x000000b0cef00000) (1024K)]
  0x00000205ff036480 WorkerThread "GC Thread#1"                     [id=16844, stack(0x000000b0cfd00000,0x000000b0cfe00000) (1024K)]
  0x00000205af2fbcf0 ConcurrentGCThread "G1 Main Marker"            [id=11212, stack(0x000000b0cef00000,0x000000b0cf000000) (1024K)]
  0x00000205af2fc710 WorkerThread "G1 Conc#0"                       [id=14148, stack(0x000000b0cf000000,0x000000b0cf100000) (1024K)]
  0x00000205af349eb0 ConcurrentGCThread "G1 Refine#0"               [id=17228, stack(0x000000b0cf100000,0x000000b0cf200000) (1024K)]
  0x00000205af34b950 ConcurrentGCThread "G1 Service"                [id=1936, stack(0x000000b0cf200000,0x000000b0cf300000) (1024K)]
Total: 8

Threads with active compile tasks:
Total: 0

VM state: not at safepoint (normal execution)

VM Mutex/Monitor currently owned by a thread:  ([mutex/lock_event])
[0x00007ffa5620edf0] Metaspace_lock - owner thread: 0x00000205ff312f90

Heap address: 0x00000000c3000000, size: 976 MB, Compressed Oops mode: 32-bit

CDS archive(s) mapped at: [0x00000205be000000-0x00000205bec90000-0x00000205bec90000), size 13172736, SharedBaseAddress: 0x00000205be000000, ArchiveRelocationMode: 1.
Compressed class space mapped at: 0x00000205bf000000-0x00000205ff000000, reserved size: 1073741824
Narrow klass base: 0x00000205be000000, Narrow klass shift: 0, Narrow klass range: 0x100000000

GC Precious Log:
 CardTable entry size: 512
 Card Set container configuration: InlinePtr #cards 5 size 8 Array Of Cards #cards 12 size 40 Howl #buckets 4 coarsen threshold 1843 Howl Bitmap #cards 512 size 80 coarsen threshold 460 Card regions per heap region 1 cards per card region 2048
 CPUs: 2 total, 2 available
 Memory: 3901M
 Large Page Support: Disabled
 NUMA Support: Disabled
 Compressed Oops: Enabled (32-bit)
 Heap Region Size: 1M
 Heap Min Capacity: 8M
 Heap Initial Capacity: 62M
 Heap Max Capacity: 976M
 Pre-touch: Disabled
 Parallel Workers: 2
 Concurrent Workers: 1
 Concurrent Refinement Workers: 2
 Periodic GC: Disabled

Heap:
 garbage-first heap   total 63488K, used 24277K [0x00000000c3000000, 0x0000000100000000)
  region size 1024K, 18 young (18432K), 2 survivors (2048K)
 Metaspace       used 12829K, committed 13184K, reserved 1114112K
  class space    used 1713K, committed 1920K, reserved 1048576K

Heap Regions: E=young(eden), S=young(survivor), O=old, HS=humongous(starts), HC=humongous(continues), CS=collection set, F=free, TAMS=top-at-mark-start, PB=parsable bottom
|   0|0x00000000c3000000, 0x00000000c3100000, 0x00000000c3100000|100%|HS|  |TAMS 0x00000000c3000000| PB 0x00000000c3000000| Complete 
|   1|0x00000000c3100000, 0x00000000c3200000, 0x00000000c3200000|100%| O|  |TAMS 0x00000000c3100000| PB 0x00000000c3100000| Untracked 
|   2|0x00000000c3200000, 0x00000000c3300000, 0x00000000c3300000|100%| O|  |TAMS 0x00000000c3200000| PB 0x00000000c3200000| Untracked 
|   3|0x00000000c3300000, 0x00000000c3400000, 0x00000000c3400000|100%| O|  |TAMS 0x00000000c3300000| PB 0x00000000c3300000| Untracked 
|   4|0x00000000c3400000, 0x00000000c3500000, 0x00000000c3500000|100%|HS|  |TAMS 0x00000000c3400000| PB 0x00000000c3400000| Complete 
|   5|0x00000000c3500000, 0x00000000c3600000, 0x00000000c3600000|100%| O|  |TAMS 0x00000000c3500000| PB 0x00000000c3500000| Untracked 
|   6|0x00000000c3600000, 0x00000000c3700000, 0x00000000c3700000|100%| O|  |TAMS 0x00000000c3600000| PB 0x00000000c3600000| Untracked 
|   7|0x00000000c3700000, 0x00000000c37cbd88, 0x00000000c3800000| 79%| O|  |TAMS 0x00000000c3700000| PB 0x00000000c3700000| Untracked 
|   8|0x00000000c3800000, 0x00000000c3800000, 0x00000000c3900000|  0%| F|  |TAMS 0x00000000c3800000| PB 0x00000000c3800000| Untracked 
|   9|0x00000000c3900000, 0x00000000c3900000, 0x00000000c3a00000|  0%| F|  |TAMS 0x00000000c3900000| PB 0x00000000c3900000| Untracked 
|  10|0x00000000c3a00000, 0x00000000c3a00000, 0x00000000c3b00000|  0%| F|  |TAMS 0x00000000c3a00000| PB 0x00000000c3a00000| Untracked 
|  11|0x00000000c3b00000, 0x00000000c3b00000, 0x00000000c3c00000|  0%| F|  |TAMS 0x00000000c3b00000| PB 0x00000000c3b00000| Untracked 
|  12|0x00000000c3c00000, 0x00000000c3c00000, 0x00000000c3d00000|  0%| F|  |TAMS 0x00000000c3c00000| PB 0x00000000c3c00000| Untracked 
|  13|0x00000000c3d00000, 0x00000000c3d00000, 0x00000000c3e00000|  0%| F|  |TAMS 0x00000000c3d00000| PB 0x00000000c3d00000| Untracked 
|  14|0x00000000c3e00000, 0x00000000c3e00000, 0x00000000c3f00000|  0%| F|  |TAMS 0x00000000c3e00000| PB 0x00000000c3e00000| Untracked 
|  15|0x00000000c3f00000, 0x00000000c3f00000, 0x00000000c4000000|  0%| F|  |TAMS 0x00000000c3f00000| PB 0x00000000c3f00000| Untracked 
|  16|0x00000000c4000000, 0x00000000c4000000, 0x00000000c4100000|  0%| F|  |TAMS 0x00000000c4000000| PB 0x00000000c4000000| Untracked 
|  17|0x00000000c4100000, 0x00000000c4100000, 0x00000000c4200000|  0%| F|  |TAMS 0x00000000c4100000| PB 0x00000000c4100000| Untracked 
|  18|0x00000000c4200000, 0x00000000c4200000, 0x00000000c4300000|  0%| F|  |TAMS 0x00000000c4200000| PB 0x00000000c4200000| Untracked 
|  19|0x00000000c4300000, 0x00000000c4300000, 0x00000000c4400000|  0%| F|  |TAMS 0x00000000c4300000| PB 0x00000000c4300000| Untracked 
|  20|0x00000000c4400000, 0x00000000c4400000, 0x00000000c4500000|  0%| F|  |TAMS 0x00000000c4400000| PB 0x00000000c4400000| Untracked 
|  21|0x00000000c4500000, 0x00000000c4500000, 0x00000000c4600000|  0%| F|  |TAMS 0x00000000c4500000| PB 0x00000000c4500000| Untracked 
|  22|0x00000000c4600000, 0x00000000c4600000, 0x00000000c4700000|  0%| F|  |TAMS 0x00000000c4600000| PB 0x00000000c4600000| Untracked 
|  23|0x00000000c4700000, 0x00000000c4700000, 0x00000000c4800000|  0%| F|  |TAMS 0x00000000c4700000| PB 0x00000000c4700000| Untracked 
|  24|0x00000000c4800000, 0x00000000c4800000, 0x00000000c4900000|  0%| F|  |TAMS 0x00000000c4800000| PB 0x00000000c4800000| Untracked 
|  25|0x00000000c4900000, 0x00000000c4900000, 0x00000000c4a00000|  0%| F|  |TAMS 0x00000000c4900000| PB 0x00000000c4900000| Untracked 
|  26|0x00000000c4a00000, 0x00000000c4a00000, 0x00000000c4b00000|  0%| F|  |TAMS 0x00000000c4a00000| PB 0x00000000c4a00000| Untracked 
|  27|0x00000000c4b00000, 0x00000000c4b00000, 0x00000000c4c00000|  0%| F|  |TAMS 0x00000000c4b00000| PB 0x00000000c4b00000| Untracked 
|  28|0x00000000c4c00000, 0x00000000c4c00000, 0x00000000c4d00000|  0%| F|  |TAMS 0x00000000c4c00000| PB 0x00000000c4c00000| Untracked 
|  29|0x00000000c4d00000, 0x00000000c4d00000, 0x00000000c4e00000|  0%| F|  |TAMS 0x00000000c4d00000| PB 0x00000000c4d00000| Untracked 
|  30|0x00000000c4e00000, 0x00000000c4e00000, 0x00000000c4f00000|  0%| F|  |TAMS 0x00000000c4e00000| PB 0x00000000c4e00000| Untracked 
|  31|0x00000000c4f00000, 0x00000000c4f00000, 0x00000000c5000000|  0%| F|  |TAMS 0x00000000c4f00000| PB 0x00000000c4f00000| Untracked 
|  32|0x00000000c5000000, 0x00000000c5000000, 0x00000000c5100000|  0%| F|  |TAMS 0x00000000c5000000| PB 0x00000000c5000000| Untracked 
|  33|0x00000000c5100000, 0x00000000c5100000, 0x00000000c5200000|  0%| F|  |TAMS 0x00000000c5100000| PB 0x00000000c5100000| Untracked 
|  34|0x00000000c5200000, 0x00000000c5200000, 0x00000000c5300000|  0%| F|  |TAMS 0x00000000c5200000| PB 0x00000000c5200000| Untracked 
|  35|0x00000000c5300000, 0x00000000c5300000, 0x00000000c5400000|  0%| F|  |TAMS 0x00000000c5300000| PB 0x00000000c5300000| Untracked 
|  36|0x00000000c5400000, 0x00000000c5400000, 0x00000000c5500000|  0%| F|  |TAMS 0x00000000c5400000| PB 0x00000000c5400000| Untracked 
|  37|0x00000000c5500000, 0x00000000c5500000, 0x00000000c5600000|  0%| F|  |TAMS 0x00000000c5500000| PB 0x00000000c5500000| Untracked 
|  38|0x00000000c5600000, 0x00000000c5600000, 0x00000000c5700000|  0%| F|  |TAMS 0x00000000c5600000| PB 0x00000000c5600000| Untracked 
|  39|0x00000000c5700000, 0x00000000c5700000, 0x00000000c5800000|  0%| F|  |TAMS 0x00000000c5700000| PB 0x00000000c5700000| Untracked 
|  40|0x00000000c5800000, 0x00000000c5800000, 0x00000000c5900000|  0%| F|  |TAMS 0x00000000c5800000| PB 0x00000000c5800000| Untracked 
|  41|0x00000000c5900000, 0x00000000c5900000, 0x00000000c5a00000|  0%| F|  |TAMS 0x00000000c5900000| PB 0x00000000c5900000| Untracked 
|  42|0x00000000c5a00000, 0x00000000c5a00000, 0x00000000c5b00000|  0%| F|  |TAMS 0x00000000c5a00000| PB 0x00000000c5a00000| Untracked 
|  43|0x00000000c5b00000, 0x00000000c5b00000, 0x00000000c5c00000|  0%| F|  |TAMS 0x00000000c5b00000| PB 0x00000000c5b00000| Untracked 
|  44|0x00000000c5c00000, 0x00000000c5c4c540, 0x00000000c5d00000| 29%| E|  |TAMS 0x00000000c5c00000| PB 0x00000000c5c00000| Complete 
|  45|0x00000000c5d00000, 0x00000000c5e00000, 0x00000000c5e00000|100%| E|  |TAMS 0x00000000c5d00000| PB 0x00000000c5d00000| Complete 
|  46|0x00000000c5e00000, 0x00000000c5ee9a00, 0x00000000c5f00000| 91%| S|CS|TAMS 0x00000000c5e00000| PB 0x00000000c5e00000| Complete 
|  47|0x00000000c5f00000, 0x00000000c6000000, 0x00000000c6000000|100%| S|CS|TAMS 0x00000000c5f00000| PB 0x00000000c5f00000| Complete 
|  48|0x00000000c6000000, 0x00000000c6100000, 0x00000000c6100000|100%| E|CS|TAMS 0x00000000c6000000| PB 0x00000000c6000000| Complete 
|  49|0x00000000c6100000, 0x00000000c6200000, 0x00000000c6200000|100%| E|CS|TAMS 0x00000000c6100000| PB 0x00000000c6100000| Complete 
|  50|0x00000000c6200000, 0x00000000c6300000, 0x00000000c6300000|100%| E|CS|TAMS 0x00000000c6200000| PB 0x00000000c6200000| Complete 
|  51|0x00000000c6300000, 0x00000000c6400000, 0x00000000c6400000|100%| E|CS|TAMS 0x00000000c6300000| PB 0x00000000c6300000| Complete 
|  52|0x00000000c6400000, 0x00000000c6500000, 0x00000000c6500000|100%| E|CS|TAMS 0x00000000c6400000| PB 0x00000000c6400000| Complete 
|  53|0x00000000c6500000, 0x00000000c6600000, 0x00000000c6600000|100%| E|CS|TAMS 0x00000000c6500000| PB 0x00000000c6500000| Complete 
|  54|0x00000000c6600000, 0x00000000c6700000, 0x00000000c6700000|100%| E|CS|TAMS 0x00000000c6600000| PB 0x00000000c6600000| Complete 
|  55|0x00000000c6700000, 0x00000000c6800000, 0x00000000c6800000|100%| E|CS|TAMS 0x00000000c6700000| PB 0x00000000c6700000| Complete 
|  56|0x00000000c6800000, 0x00000000c6900000, 0x00000000c6900000|100%| E|CS|TAMS 0x00000000c6800000| PB 0x00000000c6800000| Complete 
|  57|0x00000000c6900000, 0x00000000c6a00000, 0x00000000c6a00000|100%| E|CS|TAMS 0x00000000c6900000| PB 0x00000000c6900000| Complete 
|  58|0x00000000c6a00000, 0x00000000c6b00000, 0x00000000c6b00000|100%| E|CS|TAMS 0x00000000c6a00000| PB 0x00000000c6a00000| Complete 
|  59|0x00000000c6b00000, 0x00000000c6c00000, 0x00000000c6c00000|100%| E|CS|TAMS 0x00000000c6b00000| PB 0x00000000c6b00000| Complete 
|  60|0x00000000c6c00000, 0x00000000c6d00000, 0x00000000c6d00000|100%| E|CS|TAMS 0x00000000c6c00000| PB 0x00000000c6c00000| Complete 
|  61|0x00000000c6d00000, 0x00000000c6e00000, 0x00000000c6e00000|100%| E|CS|TAMS 0x00000000c6d00000| PB 0x00000000c6d00000| Complete 

Card table byte_map: [0x00000205aeef0000,0x00000205af0e0000] _byte_map_base: 0x00000205ae8d8000

Marking Bits: (CMBitMap*) 0x00000205af2f3990
 Bits: [0x00000205ba760000, 0x00000205bb6a0000)

Polling page: 0x00000205ad190000

Metaspace:

Usage:
  Non-class:     10.86 MB used.
      Class:      1.67 MB used.
       Both:     12.53 MB used.

Virtual space:
  Non-class space:       64.00 MB reserved,      11.00 MB ( 17%) committed,  1 nodes.
      Class space:        1.00 GB reserved,       1.88 MB ( <1%) committed,  1 nodes.
             Both:        1.06 GB reserved,      12.88 MB (  1%) committed. 

Chunk freelists:
   Non-Class:  4.67 MB
       Class:  14.03 MB
        Both:  18.70 MB

MaxMetaspaceSize: unlimited
CompressedClassSpaceSize: 1.00 GB
Initial GC threshold: 21.00 MB
Current GC threshold: 21.00 MB
CDS: on
 - commit_granule_bytes: 65536.
 - commit_granule_words: 8192.
 - virtual_space_node_default_size: 8388608.
 - enlarge_chunks_in_place: 1.
 - use_allocation_guard: 0.


Internal statistics:

num_allocs_failed_limit: 0.
num_arena_births: 378.
num_arena_deaths: 0.
num_vsnodes_births: 2.
num_vsnodes_deaths: 0.
num_space_committed: 206.
num_space_uncommitted: 0.
num_chunks_returned_to_freelist: 0.
num_chunks_taken_from_freelist: 749.
num_chunk_merges: 0.
num_chunk_splits: 452.
num_chunks_enlarged: 259.
num_inconsistent_stats: 0.

CodeCache: size=49152Kb used=4344Kb max_used=4344Kb free=44807Kb
 bounds [0x00000205b7760000, 0x00000205b7ba0000, 0x00000205ba760000]
 total_blobs=2566 nmethods=2045 adapters=446
 compilation: enabled
              stopped_count=0, restarted_count=0
 full_count=0

Compilation events (20 events):
Event: 3.668 Thread 0x00000205bd8e4eb0 2037       1       jdk.internal.misc.Unsafe::storeStoreFence (5 bytes)
Event: 3.668 Thread 0x00000205bd8e4eb0 nmethod 2037 0x00000205b7b99f90 code [0x00000205b7b9a120, 0x00000205b7b9a1e8]
Event: 3.668 Thread 0x00000205bd8e4eb0 2038       1       java.lang.invoke.BootstrapMethodInvoker::widenAndCast (47 bytes)
Event: 3.668 Thread 0x00000205bd8e4eb0 nmethod 2038 0x00000205b7b9a290 code [0x00000205b7b9a4c0, 0x00000205b7b9a910]
Event: 3.668 Thread 0x00000205bd8e4eb0 2040       1       org.springframework.core.ResolvableType::equals (143 bytes)
Event: 3.669 Thread 0x00000205bd8e4eb0 nmethod 2040 0x00000205b7b9ab90 code [0x00000205b7b9adc0, 0x00000205b7b9b1f0]
Event: 3.669 Thread 0x00000205bd8e4eb0 2041       1       org.springframework.core.ResolvableType::equalsType (34 bytes)
Event: 3.669 Thread 0x00000205bd8e4eb0 nmethod 2041 0x00000205b7b9b410 code [0x00000205b7b9b5c0, 0x00000205b7b9b700]
Event: 3.669 Thread 0x00000205bd8e4eb0 2039       1       java.lang.invoke.Invokers::callSiteForm (297 bytes)
Event: 3.670 Thread 0x00000205bd8e4eb0 nmethod 2039 0x00000205b7b9b810 code [0x00000205b7b9bae0, 0x00000205b7b9c818]
Event: 3.671 Thread 0x00000205bd8e4eb0 2042       1       sun.reflect.generics.reflectiveObjects.ParameterizedTypeImpl::getActualTypeArguments (11 bytes)
Event: 3.671 Thread 0x00000205bd8e4eb0 nmethod 2042 0x00000205b7b9d190 code [0x00000205b7b9d340, 0x00000205b7b9d490]
Event: 3.677 Thread 0x00000205bd8e4eb0 2043       1       java.util.IdentityHashMap::maskNull (12 bytes)
Event: 3.677 Thread 0x00000205bd8e4eb0 nmethod 2043 0x00000205b7b9d510 code [0x00000205b7b9d6a0, 0x00000205b7b9d758]
Event: 3.677 Thread 0x00000205bd8e4eb0 2044       1       java.util.IdentityHashMap::hash (18 bytes)
Event: 3.677 Thread 0x00000205bd8e4eb0 nmethod 2044 0x00000205b7b9d810 code [0x00000205b7b9d9c0, 0x00000205b7b9daa0]
Event: 3.678 Thread 0x00000205bd8e4eb0 2045       1       java.lang.ClassLoader::getUnnamedModule (5 bytes)
Event: 3.678 Thread 0x00000205bd8e4eb0 nmethod 2045 0x00000205b7b9db10 code [0x00000205b7b9dca0, 0x00000205b7b9dd68]
Event: 3.686 Thread 0x00000205bd8e4eb0 2046       1       java.lang.invoke.LambdaFormEditor$TransformKey::ival (25 bytes)
Event: 3.686 Thread 0x00000205bd8e4eb0 nmethod 2046 0x00000205b7b9de10 code [0x00000205b7b9dfa0, 0x00000205b7b9e048]

GC Heap History (8 events):
Event: 0.653 GC heap before
{Heap before GC invocations=0 (full 0):
 garbage-first heap   total 63488K, used 6144K [0x00000000c3000000, 0x0000000100000000)
  region size 1024K, 6 young (6144K), 0 survivors (0K)
 Metaspace       used 220K, committed 448K, reserved 1114112K
  class space    used 15K, committed 128K, reserved 1048576K
}
Event: 0.868 GC heap after
{Heap after GC invocations=1 (full 0):
 garbage-first heap   total 63488K, used 5005K [0x00000000c3000000, 0x0000000100000000)
  region size 1024K, 1 young (1024K), 1 survivors (1024K)
 Metaspace       used 220K, committed 448K, reserved 1114112K
  class space    used 15K, committed 128K, reserved 1048576K
}
Event: 1.555 GC heap before
{Heap before GC invocations=1 (full 0):
 garbage-first heap   total 63488K, used 9101K [0x00000000c3000000, 0x0000000100000000)
  region size 1024K, 4 young (4096K), 1 survivors (1024K)
 Metaspace       used 1711K, committed 1856K, reserved 1114112K
  class space    used 185K, committed 256K, reserved 1048576K
}
Event: 1.560 GC heap after
{Heap after GC invocations=2 (full 0):
 garbage-first heap   total 63488K, used 7814K [0x00000000c3000000, 0x0000000100000000)
  region size 1024K, 1 young (1024K), 1 survivors (1024K)
 Metaspace       used 1711K, committed 1856K, reserved 1114112K
  class space    used 185K, committed 256K, reserved 1048576K
}
Event: 1.969 GC heap before
{Heap before GC invocations=2 (full 0):
 garbage-first heap   total 63488K, used 12934K [0x00000000c3000000, 0x0000000100000000)
  region size 1024K, 7 young (7168K), 1 survivors (1024K)
 Metaspace       used 5232K, committed 5440K, reserved 1114112K
  class space    used 624K, committed 704K, reserved 1048576K
}
Event: 1.973 GC heap after
{Heap after GC invocations=3 (full 0):
 garbage-first heap   total 63488K, used 8839K [0x00000000c3000000, 0x0000000100000000)
  region size 1024K, 1 young (1024K), 1 survivors (1024K)
 Metaspace       used 5232K, committed 5440K, reserved 1114112K
  class space    used 624K, committed 704K, reserved 1048576K
}
Event: 3.110 GC heap before
{Heap before GC invocations=3 (full 0):
 garbage-first heap   total 63488K, used 22151K [0x00000000c3000000, 0x0000000100000000)
  region size 1024K, 14 young (14336K), 1 survivors (1024K)
 Metaspace       used 9247K, committed 9600K, reserved 1114112K
  class space    used 1149K, committed 1344K, reserved 1048576K
}
Event: 3.116 GC heap after
{Heap after GC invocations=4 (full 0):
 garbage-first heap   total 63488K, used 9941K [0x00000000c3000000, 0x0000000100000000)
  region size 1024K, 2 young (2048K), 2 survivors (2048K)
 Metaspace       used 9247K, committed 9600K, reserved 1114112K
  class space    used 1149K, committed 1344K, reserved 1048576K
}

Dll operation events (12 events):
Event: 0.046 Loaded shared library C:\Program Files\Java\jdk-21\bin\java.dll
Event: 0.340 Loaded shared library C:\Program Files\Java\jdk-21\bin\zip.dll
Event: 0.349 Loaded shared library C:\Program Files\Java\jdk-21\bin\instrument.dll
Event: 0.360 Loaded shared library C:\Program Files\Java\jdk-21\bin\net.dll
Event: 0.368 Loaded shared library C:\Program Files\Java\jdk-21\bin\nio.dll
Event: 0.373 Loaded shared library C:\Program Files\Java\jdk-21\bin\zip.dll
Event: 1.050 Loaded shared library C:\Program Files\Java\jdk-21\bin\jimage.dll
Event: 1.162 Loaded shared library C:\Program Files\Java\jdk-21\bin\extnet.dll
Event: 1.213 Loaded shared library C:\Users\user\.config\.cool-request\request\lib\cool-request-agent.dll
Event: 1.622 Loaded shared library C:\Program Files\Java\jdk-21\bin\management.dll
Event: 1.672 Loaded shared library C:\Program Files\Java\jdk-21\bin\management_ext.dll
Event: 1.752 Loaded shared library C:\Program Files\Java\jdk-21\bin\rmi.dll

Deoptimization events (0 events):
No events

Classes loaded (20 events):
Event: 3.592 Loading class java/lang/Thread$Builder$OfPlatform
Event: 3.592 Loading class java/lang/Thread$Builder
Event: 3.593 Loading class java/lang/Thread$Builder done
Event: 3.593 Loading class java/lang/Thread$Builder$OfPlatform done
Event: 3.593 Loading class java/lang/Thread$Builder$OfVirtual
Event: 3.593 Loading class java/lang/Thread$Builder$OfVirtual done
Event: 3.593 Loading class java/lang/ThreadBuilders$VirtualThreadBuilder
Event: 3.593 Loading class java/lang/ThreadBuilders$BaseThreadBuilder
Event: 3.593 Loading class java/lang/ThreadBuilders$BaseThreadBuilder done
Event: 3.593 Loading class java/lang/ThreadBuilders$VirtualThreadBuilder done
Event: 3.593 Loading class java/lang/ThreadBuilders
Event: 3.593 Loading class java/lang/ThreadBuilders done
Event: 3.594 Loading class java/util/concurrent/Executors$DefaultThreadFactory
Event: 3.594 Loading class java/util/concurrent/Executors$DefaultThreadFactory done
Event: 3.616 Loading class java/util/Stack
Event: 3.616 Loading class java/util/Stack done
Event: 3.616 Loading class java/util/Vector$Itr
Event: 3.617 Loading class java/util/Vector$Itr done
Event: 3.687 Loading class java/lang/AssertionError
Event: 3.687 Loading class java/lang/AssertionError done

Classes unloaded (0 events):
No events

Classes redefined (0 events):
No events

Internal exceptions (20 events):
Event: 3.361 Thread 0x00000205ad21dc80 Exception <a 'java/lang/NoSuchMethodError'{0x00000000c67171e0}: 'int java.lang.invoke.DirectMethodHandle$Holder.invokeStatic(java.lang.Object, java.lang.Object, java.lang.Object, java.lang.Object)'> (0x00000000c67171e0) 
thrown [s\open\src\hotspot\share\interpreter\linkResolver.cpp, line 773]
Event: 3.378 Thread 0x00000205ad21dc80 Exception <a 'java/lang/NoSuchMethodError'{0x00000000c6776b80}: 'java.lang.Object java.lang.invoke.DirectMethodHandle$Holder.invokeSpecial(java.lang.Object, java.lang.Object, java.lang.Object, java.lang.Object, java.lang.Object, java.lang.Object, int)'> (0x00000000c6776b80) 
thrown [s\open\src\hotspot\share\interpreter\linkResolver.cpp, line 773]
Event: 3.378 Thread 0x00000205ad21dc80 Exception <a 'java/lang/NoSuchMethodError'{0x00000000c67800a8}: 'java.lang.Object java.lang.invoke.DirectMethodHandle$Holder.newInvokeSpecial(java.lang.Object, java.lang.Object, java.lang.Object, java.lang.Object, java.lang.Object, java.lang.Object, int)'> (0x00000000c67800a8) 
thrown [s\open\src\hotspot\share\interpreter\linkResolver.cpp, line 773]
Event: 3.379 Thread 0x00000205ad21dc80 Exception <a 'java/lang/NoSuchMethodError'{0x00000000c6784628}: 'java.lang.Object java.lang.invoke.DirectMethodHandle$Holder.invokeSpecial(java.lang.Object, java.lang.Object, java.lang.Object, java.lang.Object, java.lang.Object, java.lang.Object, java.lang.Object, int)'> (0x00000000c6784628) 
thrown [s\open\src\hotspot\share\interpreter\linkResolver.cpp, line 773]
Event: 3.445 Thread 0x00000205ad21dc80 Exception <a 'java/lang/NoSuchMethodError'{0x00000000c66e9a78}: 'int java.lang.invoke.DirectMethodHandle$Holder.invokeVirtual(java.lang.Object, java.lang.Object)'> (0x00000000c66e9a78) 
thrown [s\open\src\hotspot\share\interpreter\linkResolver.cpp, line 773]
Event: 3.475 Thread 0x00000205ad21dc80 Exception <a 'java/lang/NoSuchMethodError'{0x00000000c65891d8}: 'java.lang.Object java.lang.invoke.DirectMethodHandle$Holder.invokeSpecial(java.lang.Object, java.lang.Object, java.lang.Object, int, java.lang.Object)'> (0x00000000c65891d8) 
thrown [s\open\src\hotspot\share\interpreter\linkResolver.cpp, line 773]
Event: 3.476 Thread 0x00000205ad21dc80 Exception <a 'java/lang/NoSuchMethodError'{0x00000000c65908f8}: 'java.lang.Object java.lang.invoke.DirectMethodHandle$Holder.newInvokeSpecial(java.lang.Object, java.lang.Object, java.lang.Object, int, java.lang.Object)'> (0x00000000c65908f8) 
thrown [s\open\src\hotspot\share\interpreter\linkResolver.cpp, line 773]
Event: 3.476 Thread 0x00000205ad21dc80 Exception <a 'java/lang/NoSuchMethodError'{0x00000000c6597d90}: 'java.lang.Object java.lang.invoke.Invokers$Holder.linkToTargetMethod(java.lang.Object, java.lang.Object, int, java.lang.Object, java.lang.Object)'> (0x00000000c6597d90) 
thrown [s\open\src\hotspot\share\interpreter\linkResolver.cpp, line 773]
Event: 3.478 Thread 0x00000205ad21dc80 Exception <a 'java/lang/NoSuchMethodError'{0x00000000c65a4f98}: 'java.lang.Object java.lang.invoke.DirectMethodHandle$Holder.newInvokeSpecial(java.lang.Object, int, java.lang.Object)'> (0x00000000c65a4f98) 
thrown [s\open\src\hotspot\share\interpreter\linkResolver.cpp, line 773]
Event: 3.479 Thread 0x00000205ad21dc80 Exception <a 'java/lang/NoSuchMethodError'{0x00000000c65a8c18}: 'int java.lang.invoke.DirectMethodHandle$Holder.invokeSpecialIFC(java.lang.Object, java.lang.Object, java.lang.Object, java.lang.Object)'> (0x00000000c65a8c18) 
thrown [s\open\src\hotspot\share\interpreter\linkResolver.cpp, line 773]
Event: 3.506 Thread 0x00000205ad21dc80 Exception <a 'java/lang/NoSuchMethodError'{0x00000000c6472f80}: 'void java.lang.invoke.DirectMethodHandle$Holder.invokeInterface(java.lang.Object, java.lang.Object, java.lang.Object)'> (0x00000000c6472f80) 
thrown [s\open\src\hotspot\share\interpreter\linkResolver.cpp, line 773]
Event: 3.532 Thread 0x00000205ad21dc80 Exception <a 'java/lang/NoSuchMethodError'{0x00000000c64f2240}: 'java.lang.Object java.lang.invoke.DirectMethodHandle$Holder.invokeVirtual(java.lang.Object, java.lang.Object, java.lang.Object)'> (0x00000000c64f2240) 
thrown [s\open\src\hotspot\share\interpreter\linkResolver.cpp, line 773]
Event: 3.562 Thread 0x00000205ad21dc80 Exception <a 'java/lang/NoSuchMethodError'{0x00000000c63c18e8}: 'void java.lang.invoke.DirectMethodHandle$Holder.invokeStatic(java.lang.Object, java.lang.Object, int)'> (0x00000000c63c18e8) 
thrown [s\open\src\hotspot\share\interpreter\linkResolver.cpp, line 773]
Event: 3.568 Thread 0x00000205ad21dc80 Exception <a 'java/lang/NoSuchMethodError'{0x00000000c63d5168}: 'void java.lang.invoke.DirectMethodHandle$Holder.invokeStaticInit(java.lang.Object, java.lang.Object, java.lang.Object)'> (0x00000000c63d5168) 
thrown [s\open\src\hotspot\share\interpreter\linkResolver.cpp, line 773]
Event: 3.578 Thread 0x00000205ad21dc80 Exception <a 'java/lang/NoSuchMethodError'{0x00000000c621ebc0}: 'java.lang.Object java.lang.invoke.DirectMethodHandle$Holder.invokeStatic(java.lang.Object, long, java.lang.Object)'> (0x00000000c621ebc0) 
thrown [s\open\src\hotspot\share\interpreter\linkResolver.cpp, line 773]
Event: 3.578 Thread 0x00000205ad21dc80 Exception <a 'java/lang/NoSuchMethodError'{0x00000000c6222228}: 'java.lang.Object java.lang.invoke.DirectMethodHandle$Holder.invokeStaticInit(java.lang.Object, long, java.lang.Object)'> (0x00000000c6222228) 
thrown [s\open\src\hotspot\share\interpreter\linkResolver.cpp, line 773]
Event: 3.579 Thread 0x00000205ad21dc80 Exception <a 'java/lang/NoSuchMethodError'{0x00000000c62279b0}: 'java.lang.Object java.lang.invoke.DirectMethodHandle$Holder.newInvokeSpecial(java.lang.Object, long)'> (0x00000000c62279b0) 
thrown [s\open\src\hotspot\share\interpreter\linkResolver.cpp, line 773]
Event: 3.595 Thread 0x00000205ad21dc80 Exception <a 'java/lang/NoSuchMethodError'{0x00000000c627c0e0}: 'void java.lang.invoke.DirectMethodHandle$Holder.invokeSpecial(java.lang.Object, java.lang.Object, java.lang.Object, java.lang.Object, java.lang.Object)'> (0x00000000c627c0e0) 
thrown [s\open\src\hotspot\share\interpreter\linkResolver.cpp, line 773]
Event: 3.596 Thread 0x00000205ad21dc80 Exception <a 'java/lang/NoSuchMethodError'{0x00000000c62838a0}: 'void java.lang.invoke.DirectMethodHandle$Holder.invokeVirtual(java.lang.Object, java.lang.Object, java.lang.Object, java.lang.Object)'> (0x00000000c62838a0) 
thrown [s\open\src\hotspot\share\interpreter\linkResolver.cpp, line 773]
Event: 3.660 Thread 0x00000205ad21dc80 Exception <a 'java/lang/IncompatibleClassChangeError'{0x00000000c61d6018}: Found class java.lang.Object, but interface was expected> (0x00000000c61d6018) 
thrown [s\open\src\hotspot\share\interpreter\linkResolver.cpp, line 840]

ZGC Phase Switch (0 events):
No events

VM Operations (20 events):
Event: 1.708 Executing VM operation: HandshakeAllThreads (Deoptimize)
Event: 1.730 Executing VM operation: HandshakeAllThreads (Deoptimize) done
Event: 1.924 Executing VM operation: HandshakeAllThreads (Deoptimize)
Event: 1.969 Executing VM operation: HandshakeAllThreads (Deoptimize) done
Event: 1.969 Executing VM operation: G1CollectForAllocation (G1 Evacuation Pause)
Event: 1.973 Executing VM operation: G1CollectForAllocation (G1 Evacuation Pause) done
Event: 2.197 Executing VM operation: HandshakeAllThreads (Deoptimize)
Event: 2.274 Executing VM operation: HandshakeAllThreads (Deoptimize) done
Event: 2.352 Executing VM operation: HandshakeAllThreads (Deoptimize)
Event: 2.352 Executing VM operation: HandshakeAllThreads (Deoptimize) done
Event: 3.110 Executing VM operation: G1CollectForAllocation (G1 Evacuation Pause)
Event: 3.116 Executing VM operation: G1CollectForAllocation (G1 Evacuation Pause) done
Event: 3.166 Executing VM operation: HandshakeAllThreads (Deoptimize)
Event: 3.166 Executing VM operation: HandshakeAllThreads (Deoptimize) done
Event: 3.441 Executing VM operation: HandshakeAllThreads (Deoptimize)
Event: 3.441 Executing VM operation: HandshakeAllThreads (Deoptimize) done
Event: 3.643 Executing VM operation: HandshakeAllThreads (Deoptimize)
Event: 3.643 Executing VM operation: HandshakeAllThreads (Deoptimize) done
Event: 3.649 Executing VM operation: HandshakeAllThreads (Deoptimize)
Event: 3.649 Executing VM operation: HandshakeAllThreads (Deoptimize) done

Events (20 events):
Event: 0.113 Thread 0x00000205bd8e2440 Thread added: 0x00000205bd8e2440
Event: 0.113 Thread 0x00000205bd8e4eb0 Thread added: 0x00000205bd8e4eb0
Event: 0.354 Thread 0x00000205bdb46fb0 Thread added: 0x00000205bdb46fb0
Event: 1.223 Thread 0x00000205ff0de910 Thread added: 0x00000205ff0de910
Event: 1.225 Thread 0x00000205ff0f1870 Thread added: 0x00000205ff0f1870
Event: 1.238 Thread 0x00000205ff0f1ee0 Thread added: 0x00000205ff0f1ee0
Event: 1.238 Thread 0x00000205ff0f2550 Thread added: 0x00000205ff0f2550
Event: 1.564 Thread 0x00000205ff0f1870 Thread exited: 0x00000205ff0f1870
Event: 1.685 Thread 0x00000205ff1729f0 Thread added: 0x00000205ff1729f0
Event: 1.747 Thread 0x00000205ff189e60 Thread added: 0x00000205ff189e60
Event: 1.747 Thread 0x00000205ff18a4d0 Thread added: 0x00000205ff18a4d0
Event: 1.753 Thread 0x00000205ff18d8b0 Thread added: 0x00000205ff18d8b0
Event: 2.041 Thread 0x00000205ff2d73c0 Thread added: 0x00000205ff2d73c0
Event: 2.053 Thread 0x00000205ff2df730 Thread added: 0x00000205ff2df730
Event: 2.082 Thread 0x00000205ff0de910 Thread exited: 0x00000205ff0de910
Event: 2.190 Thread 0x00000205ff312900 Thread added: 0x00000205ff312900
Event: 2.383 Thread 0x00000205ff313620 Thread added: 0x00000205ff313620
Event: 2.405 Thread 0x00000205ff313cb0 Thread added: 0x00000205ff313cb0
Event: 3.122 Thread 0x00000205ff2df730 Thread exited: 0x00000205ff2df730
Event: 3.657 Thread 0x00000205ff312f90 Thread added: 0x00000205ff312f90


Dynamic libraries:
0x00007ff786830000 - 0x00007ff786840000 	C:\Program Files\Java\jdk-21\bin\java.exe
0x00007ffb04810000 - 0x00007ffb04a08000 	C:\WINDOWS\SYSTEM32\ntdll.dll
0x00007ffb02b40000 - 0x00007ffb02c02000 	C:\WINDOWS\System32\KERNEL32.DLL
0x00007ffb02250000 - 0x00007ffb02546000 	C:\WINDOWS\System32\KERNELBASE.dll
0x00007ffb025d0000 - 0x00007ffb026d0000 	C:\WINDOWS\System32\ucrtbase.dll
0x00007ffae0df0000 - 0x00007ffae0e09000 	C:\Program Files\Java\jdk-21\bin\jli.dll
0x00007ffb03a50000 - 0x00007ffb03b01000 	C:\WINDOWS\System32\ADVAPI32.dll
0x00007ffb03940000 - 0x00007ffb039de000 	C:\WINDOWS\System32\msvcrt.dll
0x00007ffb02830000 - 0x00007ffb028cf000 	C:\WINDOWS\System32\sechost.dll
0x00007ffb037e0000 - 0x00007ffb03900000 	C:\WINDOWS\System32\RPCRT4.dll
0x00007ffb02800000 - 0x00007ffb02827000 	C:\WINDOWS\System32\bcrypt.dll
0x00007ffb03fa0000 - 0x00007ffb04141000 	C:\WINDOWS\System32\USER32.dll
0x00007ffb02000000 - 0x00007ffb02022000 	C:\WINDOWS\System32\win32u.dll
0x00007ffb03900000 - 0x00007ffb0392b000 	C:\WINDOWS\System32\GDI32.dll
0x00007ffb02130000 - 0x00007ffb02249000 	C:\WINDOWS\System32\gdi32full.dll
0x00007ffb02760000 - 0x00007ffb027fd000 	C:\WINDOWS\System32\msvcp_win.dll
0x00007ffae1520000 - 0x00007ffae153b000 	C:\Program Files\Java\jdk-21\bin\VCRUNTIME140.dll
0x00007ffaf0b80000 - 0x00007ffaf0e1b000 	C:\WINDOWS\WinSxS\amd64_microsoft.windows.common-controls_6595b64144ccf1df_6.0.19041.6456_none_60b8a6cb71f64256\COMCTL32.dll
0x00007ffaf3a00000 - 0x00007ffaf3a0a000 	C:\WINDOWS\SYSTEM32\VERSION.dll
0x00007ffb047a0000 - 0x00007ffb047cf000 	C:\WINDOWS\System32\IMM32.DLL
0x00007ffaf1e30000 - 0x00007ffaf1e3c000 	C:\Program Files\Java\jdk-21\bin\vcruntime140_1.dll
0x00007ffa86df0000 - 0x00007ffa86e7e000 	C:\Program Files\Java\jdk-21\bin\msvcp140.dll
0x00007ffa555d0000 - 0x00007ffa562ed000 	C:\Program Files\Java\jdk-21\bin\server\jvm.dll
0x00007ffb039e0000 - 0x00007ffb03a4b000 	C:\WINDOWS\System32\WS2_32.dll
0x00007ffb01be0000 - 0x00007ffb01c2b000 	C:\WINDOWS\SYSTEM32\POWRPROF.dll
0x00007ffaf0e30000 - 0x00007ffaf0e57000 	C:\WINDOWS\SYSTEM32\WINMM.dll
0x00007ffb01bc0000 - 0x00007ffb01bd2000 	C:\WINDOWS\SYSTEM32\UMPDC.dll
0x00007ffaffcd0000 - 0x00007ffaffce2000 	C:\WINDOWS\SYSTEM32\kernel.appcore.dll
0x00007ffaeb410000 - 0x00007ffaeb41a000 	C:\Program Files\Java\jdk-21\bin\jimage.dll
0x00007ffaf0e70000 - 0x00007ffaf1071000 	C:\WINDOWS\SYSTEM32\DBGHELP.DLL
0x00007ffae1480000 - 0x00007ffae14b4000 	C:\WINDOWS\SYSTEM32\dbgcore.DLL
0x00007ffb026d0000 - 0x00007ffb02752000 	C:\WINDOWS\System32\bcryptPrimitives.dll
0x00007ffad6010000 - 0x00007ffad601f000 	C:\Program Files\Java\jdk-21\bin\instrument.dll
0x00007ffadfeb0000 - 0x00007ffadfecf000 	C:\Program Files\Java\jdk-21\bin\java.dll
0x00007ffb02ca0000 - 0x00007ffb03410000 	C:\WINDOWS\System32\SHELL32.dll
0x00007ffaffed0000 - 0x00007ffb00675000 	C:\WINDOWS\SYSTEM32\windows.storage.dll
0x00007ffb04170000 - 0x00007ffb044c4000 	C:\WINDOWS\System32\combase.dll
0x00007ffb01860000 - 0x00007ffb0188b000 	C:\WINDOWS\SYSTEM32\Wldp.dll
0x00007ffb03520000 - 0x00007ffb035ed000 	C:\WINDOWS\System32\OLEAUT32.dll
0x00007ffb03410000 - 0x00007ffb034bd000 	C:\WINDOWS\System32\SHCORE.dll
0x00007ffb034c0000 - 0x00007ffb0351b000 	C:\WINDOWS\System32\shlwapi.dll
0x00007ffb01dd0000 - 0x00007ffb01df4000 	C:\WINDOWS\SYSTEM32\profapi.dll
0x00007ffad5500000 - 0x00007ffad5518000 	C:\Program Files\Java\jdk-21\bin\zip.dll
0x00007ffae6970000 - 0x00007ffae6980000 	C:\Program Files\Java\jdk-21\bin\net.dll
0x00007ffaf3a50000 - 0x00007ffaf3b5a000 	C:\WINDOWS\SYSTEM32\WINHTTP.dll
0x00007ffb01570000 - 0x00007ffb015da000 	C:\WINDOWS\system32\mswsock.dll
0x00007ffad5ff0000 - 0x00007ffad6006000 	C:\Program Files\Java\jdk-21\bin\nio.dll
0x00007ffae1f10000 - 0x00007ffae1f19000 	C:\Program Files\Java\jdk-21\bin\extnet.dll
0x00007ffad5340000 - 0x00007ffad535d000 	C:\Users\user\.config\.cool-request\request\lib\cool-request-agent.dll
0x00007ffb012b0000 - 0x00007ffb0137a000 	C:\WINDOWS\SYSTEM32\DNSAPI.dll
0x00007ffb01200000 - 0x00007ffb0123b000 	C:\WINDOWS\SYSTEM32\IPHLPAPI.DLL
0x00007ffb04160000 - 0x00007ffb04168000 	C:\WINDOWS\System32\NSI.dll
0x00007ffaf2e60000 - 0x00007ffaf2e6a000 	C:\Windows\System32\rasadhlp.dll
0x00007ffaf2f00000 - 0x00007ffaf2f80000 	C:\WINDOWS\System32\fwpuclnt.dll
0x00007ffb01740000 - 0x00007ffb01758000 	C:\WINDOWS\SYSTEM32\CRYPTSP.dll
0x00007ffb00e30000 - 0x00007ffb00e68000 	C:\WINDOWS\system32\rsaenh.dll
0x00007ffb01d50000 - 0x00007ffb01d7e000 	C:\WINDOWS\SYSTEM32\USERENV.dll
0x00007ffb01730000 - 0x00007ffb0173c000 	C:\WINDOWS\SYSTEM32\CRYPTBASE.dll
0x00007ffad5b20000 - 0x00007ffad5b2a000 	C:\Program Files\Java\jdk-21\bin\management.dll
0x00007ffafba80000 - 0x00007ffafba97000 	C:\WINDOWS\system32\napinsp.dll
0x00007ffafba60000 - 0x00007ffafba7b000 	C:\WINDOWS\system32\pnrpnsp.dll
0x00007ffafce20000 - 0x00007ffafce3d000 	C:\WINDOWS\system32\wshbth.dll
0x00007ffafcbf0000 - 0x00007ffafcc0d000 	C:\WINDOWS\system32\NLAapi.dll
0x00007ffafba30000 - 0x00007ffafba42000 	C:\WINDOWS\System32\winrnr.dll
0x00007ffad1a30000 - 0x00007ffad1a3b000 	C:\Program Files\Java\jdk-21\bin\management_ext.dll
0x00007ffb04150000 - 0x00007ffb04158000 	C:\WINDOWS\System32\PSAPI.DLL
0x00007ffad6030000 - 0x00007ffad6037000 	C:\Program Files\Java\jdk-21\bin\rmi.dll

dbghelp: loaded successfully - version: 4.0.5 - missing functions: none
symbol engine: initialized successfully - sym options: 0x614 - pdb path: .;C:\Program Files\Java\jdk-21\bin;C:\WINDOWS\SYSTEM32;C:\WINDOWS\WinSxS\amd64_microsoft.windows.common-controls_6595b64144ccf1df_6.0.19041.6456_none_60b8a6cb71f64256;C:\Program Files\Java\jdk-21\bin\server;C:\Users\user\.config\.cool-request\request\lib

VM Arguments:
jvm_args: -Dcool.request.port=51214 -Dcool.request.hook.sql=false -javaagent:C:\Users\user\.config\.cool-request\request\lib\cool-request-agent.jar -XX:TieredStopAtLevel=1 -Dspring.output.ansi.enabled=always -Dcom.sun.management.jmxremote -Dspring.jmx.enabled=true -Dspring.liveBeansView.mbeanDomain -Dspring.application.admin.enabled=true -Dmanagement.endpoints.jmx.exposure.include=* -javaagent:C:\Program Files\JetBrains\IntelliJ IDEA 2025.2.2\lib\idea_rt.jar=52147 -Dfile.encoding=UTF-8 -Dsun.stdout.encoding=UTF-8 -Dsun.stderr.encoding=UTF-8 
java_command: padeJeux1.com.PadeJeux1Application
java_class_path (initial): C:\Users\user\Desktop\padeJeux1\padeJeux1\backend\target\classes;C:\Users\user\.m2\repository\org\springframework\boot\spring-boot-starter-web\3.2.5\spring-boot-starter-web-3.2.5.jar;C:\Users\user\.m2\repository\org\springframework\boot\spring-boot-starter\3.2.5\spring-boot-starter-3.2.5.jar;C:\Users\user\.m2\repository\org\springframework\boot\spring-boot\3.2.5\spring-boot-3.2.5.jar;C:\Users\user\.m2\repository\org\springframework\boot\spring-boot-starter-logging\3.2.5\spring-boot-starter-logging-3.2.5.jar;C:\Users\user\.m2\repository\ch\qos\logback\logback-classic\1.4.14\logback-classic-1.4.14.jar;C:\Users\user\.m2\repository\ch\qos\logback\logback-core\1.4.14\logback-core-1.4.14.jar;C:\Users\user\.m2\repository\org\apache\logging\log4j\log4j-to-slf4j\2.21.1\log4j-to-slf4j-2.21.1.jar;C:\Users\user\.m2\repository\org\apache\logging\log4j\log4j-api\2.21.1\log4j-api-2.21.1.jar;C:\Users\user\.m2\repository\org\slf4j\jul-to-slf4j\2.0.13\jul-to-slf4j-2.0.13.jar;C:\Users\user\.m2\repository\jakarta\annotation\jakarta.annotation-api\2.1.1\jakarta.annotation-api-2.1.1.jar;C:\Users\user\.m2\repository\org\yaml\snakeyaml\2.2\snakeyaml-2.2.jar;C:\Users\user\.m2\repository\org\springframework\boot\spring-boot-starter-json\3.2.5\spring-boot-starter-json-3.2.5.jar;C:\Users\user\.m2\repository\com\fasterxml\jackson\datatype\jackson-datatype-jdk8\2.15.4\jackson-datatype-jdk8-2.15.4.jar;C:\Users\user\.m2\repository\com\fasterxml\jackson\datatype\jackson-datatype-jsr310\2.15.4\jackson-datatype-jsr310-2.15.4.jar;C:\Users\user\.m2\repository\com\fasterxml\jackson\module\jackson-module-parameter-names\2.15.4\jackson-module-parameter-names-2.15.4.jar;C:\Users\user\.m2\repository\org\springframework\boot\spring-boot-starter-tomcat\3.2.5\spring-boot-starter-tomcat-3.2.5.jar;C:\Users\user\.m2\repository\org\apache\tomcat\embed\tomcat-embed-core\10.1.20\tomcat-embed-core-10.1.20.jar;C:\Users\user\.m2\repository\org\apache\tomcat\embed\tomcat-embed-websocket\10.1.20\tomcat-embed-websocket-10.1.20.jar;C:\Users\user\.m2\repository\org\springframework\spring-web\6.1.6\spring-web-6.1.6.jar;C:\Users\user\.m2\repository\org\springframework\spring-beans\6.1.6\spring-beans-6.1.6.jar;C:\Users\user\.m2\repository\io\micrometer\micrometer-observation\1.12.5\micrometer-observation-1.12.5.jar;C:\Users\user\.m2\repository\io\micrometer\micrometer-commons\1.12.5\micrometer-commons-1.12.5.jar;C:\Users\user\.m2\repository\org\springframework\spring-webmvc\6.1.6\spring-webmvc-6.1.6.jar;C:\Users\user\.m2\repository\org\springframework\spring-context\6.1.6\spring-context-6.1.6.jar;C:\Users\user\.m2\repository\org\springframework\spring-expression\6.1.6\spring-expression-6.1.6.jar;C:\Users\user\.m2\repository\org\springframework\boot\spring-boot-starter-data-jpa\3.2.5\spring-boot-starter-data-jpa-3.2.5.jar;C:\Users\user\.m2\repository\org\springframework\boot\spring-boot-starter-aop\3.2.5\spring-boot-starter-aop-3.2.5.jar;C:\Users\user\.m2\repository\org\aspectj\aspectjweaver\1.9.22\aspectjweaver-1.9.22.jar;C:\Users\user\.m2\repository\org\springframework\boot\spring-boot-starter-jdbc\3.2.5\spring-boot-starter-jdbc-3.2.5.jar;C:\Users\user\.m2\repository\com\zaxxer\HikariCP\5.0.1\HikariCP-5.0.1.jar;C:\Users\user\.m2\repository\org\springframework\spring-jdbc\6.1.6\spring-jdbc-6.1.6.jar;C:\Users\user\.m2\repository\org\hibernate\orm\hibernate-core\6.4.4.Final\hibernate-core-6.4.4.Final.jar;C:\Users\user\.m2\repository\jakarta\persistence\jakarta.persistence-api\3.1.0\jakarta.persistence-api-3.1.0.jar;C:\Users\user\.m2\repository\jakarta\transaction\jakarta.transaction-api\2.0.1\jakarta.transaction-api-2.0.1.jar;C:\Users\user\.m2\repository\org\jboss\logging\jboss-logging\3.5.3.Final\jboss-logging-3.5.3.Final.jar;C:\Users\user\.m2\repository\org\hibernate\common\hibernate-commons-annotations\6.0.6.Final\hibernate-commons-annotations-6.0.6.Final.jar;C:\Users\user\.m2\repository\io\smallrye\jandex\3.1.2\jandex-3.1.2.jar;C:\Users\user\.m2\repository\com\fasterxml\classmate\1.6.0\classmate-1.6.0.jar;C:\Users\user\.m2\repository\net\bytebuddy\byte-buddy\1.14.13\byte-buddy-1.14.13.jar;C:\Users\user\.m2\repository\org\glassfish\jaxb\jaxb-runtime\4.0.5\jaxb-runtime-4.0.5.jar;C:\Users\user\.m2\repository\org\glassfish\jaxb\jaxb-core\4.0.5\jaxb-core-4.0.5.jar;C:\Users\user\.m2\repository\org\eclipse\angus\angus-activation\2.0.2\angus-activation-2.0.2.jar;C:\Users\user\.m2\repository\org\glassfish\jaxb\txw2\4.0.5\txw2-4.0.5.jar;C:\Users\user\.m2\repository\com\sun\istack\istack-commons-runtime\4.1.2\istack-commons-runtime-4.1.2.jar;C:\Users\user\.m2\repository\jakarta\inject\jakarta.inject-api\2.0.1\jakarta.inject-api-2.0.1.jar;C:\Users\user\.m2\repository\org\antlr\antlr4-runtime\4.13.0\antlr4-runtime-4.13.0.jar;C:\Users\user\.m2\repository\org\springframework\data\spring-data-jpa\3.2.5\spring-data-jpa-3.2.5.jar;C:\Users\user\.m2\repository\org\springframework\data\spring-data-commons\3.2.5\spring-data-commons-3.2.5.jar;C:\Users\user\.m2\repository\org\springframework\spring-orm\6.1.6\spring-orm-6.1.6.jar;C:\Users\user\.m2\repository\org\springframework\spring-tx\6.1.6\spring-tx-6.1.6.jar;C:\Users\user\.m2\repository\org\slf4j\slf4j-api\2.0.13\slf4j-api-2.0.13.jar;C:\Users\user\.m2\repository\org\springframework\spring-aspects\6.1.6\spring-aspects-6.1.6.jar;C:\Users\user\.m2\repository\com\mysql\mysql-connector-j\8.3.0\mysql-connector-j-8.3.0.jar;C:\Users\user\.m2\repository\org\springframework\boot\spring-boot-starter-security\3.2.5\spring-boot-starter-security-3.2.5.jar;C:\Users\user\.m2\repository\org\springframework\spring-aop\6.1.6\spring-aop-6.1.6.jar;C:\Users\user\.m2\repository\org\springframework\security\spring-security-config\6.2.4\spring-security-config-6.2.4.jar;C:\Users\user\.m2\repository\org\springframework\security\spring-security-core\6.2.4\spring-security-core-6.2.4.jar;C:\Users\user\.m2\repository\org\springframework\security\spring-security-crypto\6.2.4\spring-security-crypto-6.2.4.jar;C:\Users\user\.m2\repository\org\springframework\security\spring-security-web\6.2.4\spring-security-web-6.2.4.jar;C:\Users\user\.m2\repository\org\springframework\boot\spring-boot-starter-validation\3.2.5\spring-boot-starter-validation-3.2.5.jar;C:\Users\user\.m2\repository\org\apache\tomcat\embed\tomcat-embed-el\10.1.20\tomcat-embed-el-10.1.20.jar;C:\Users\user\.m2\repository\org\hibernate\validator\hibernate-validator\8.0.1.Final\hibernate-validator-8.0.1.Final.jar;C:\Users\user\.m2\repository\jakarta\validation\jakarta.validation-api\3.0.2\jakarta.validation-api-3.0.2.jar;C:\Users\user\.m2\repository\org\projectlombok\lombok\1.18.32\lombok-1.18.32.jar;C:\Users\user\.m2\repository\org\springdoc\springdoc-openapi-starter-webmvc-ui\2.5.0\springdoc-openapi-starter-webmvc-ui-2.5.0.jar;C:\Users\user\.m2\repository\org\springdoc\springdoc-openapi-starter-webmvc-api\2.5.0\springdoc-openapi-starter-webmvc-api-2.5.0.jar;C:\Users\user\.m2\repository\org\springdoc\springdoc-openapi-starter-common\2.5.0\springdoc-openapi-starter-common-2.5.0.jar;C:\Users\user\.m2\repository\io\swagger\core\v3\swagger-core-jakarta\2.2.21\swagger-core-jakarta-2.2.21.jar;C:\Users\user\.m2\repository\org\apache\commons\commons-lang3\3.13.0\commons-lang3-3.13.0.jar;C:\Users\user\.m2\repository\io\swagger\core\v3\swagger-annotations-jakarta\2.2.21\swagger-annotations-jakarta-2.2.21.jar;C:\Users\user\.m2\repository\io\swagger\core\v3\swagger-models-jakarta\2.2.21\swagger-models-jakarta-2.2.21.jar;C:\Users\user\.m2\repository\com\fasterxml\jackson\dataformat\jackson-dataformat-yaml\2.15.4\jackson-dataformat-yaml-2.15.4.jar;C:\Users\user\.m2\repository\org\webjars\swagger-ui\5.13.0\swagger-ui-5.13.0.jar;C:\Users\user\.m2\repository\io\jsonwebtoken\jjwt-api\0.11.5\jjwt-api-0.11.5.jar;C:\Users\user\.m2\repository\io\jsonwebtoken\jjwt-impl\0.11.5\jjwt-impl-0.11.5.jar;C:\Users\user\.m2\repository\io\jsonwebtoken\jjwt-jackson\0.11.5\jjwt-jackson-0.11.5.jar;C:\Users\user\.m2\repository\com\fasterxml\jackson\core\jackson-databind\2.15.4\jackson-databind-2.15.4.jar;C:\Users\user\.m2\repository\com\fasterxml\jackson\core\jackson-annotations\2.15.4\jackson-annotations-2.15.4.jar;C:\Users\user\.m2\repository\com\fasterxml\jackson\core\jackson-core\2.15.4\jackson-core-2.15.4.jar;C:\Users\user\.m2\repository\com\h2database\h2\2.2.224\h2-2.2.224.jar;C:\Users\user\.m2\repository\jakarta\xml\bind\jakarta.xml.bind-api\4.0.2\jakarta.xml.bind-api-4.0.2.jar;C:\Users\user\.m2\repository\jakarta\activation\jakarta.activation-api\2.1.3\jakarta.activation-api-2.1.3.jar;C:\Users\user\.m2\repository\org\springframework\spring-core\6.1.6\spring-core-6.1.6.jar;C:\Users\user\.m2\repository\org\springframework\spring-jcl\6.1.6\spring-jcl-6.1.6.jar;C:\Users\user\.m2\repository\org\springframework\boot\spring-boot-autoconfigure\3.2.5\spring-boot-autoconfigure-3.2.5.jar
Launcher Type: SUN_STANDARD

[Global flags]
     intx CICompilerCount                          = 2                                         {product} {ergonomic}
     uint ConcGCThreads                            = 1                                         {product} {ergonomic}
     uint G1ConcRefinementThreads                  = 2                                         {product} {ergonomic}
   size_t G1HeapRegionSize                         = 1048576                                   {product} {ergonomic}
    uintx GCDrainStackTargetSize                   = 64                                        {product} {ergonomic}
   size_t InitialHeapSize                          = 65011712                                  {product} {ergonomic}
     bool ManagementServer                         = true                                      {product} {command line}
   size_t MarkStackSize                            = 4194304                                   {product} {ergonomic}
   size_t MaxHeapSize                              = 1023410176                                {product} {ergonomic}
   size_t MaxNewSize                               = 613416960                                 {product} {ergonomic}
   size_t MinHeapDeltaBytes                        = 1048576                                   {product} {ergonomic}
   size_t MinHeapSize                              = 8388608                                   {product} {ergonomic}
    uintx NonNMethodCodeHeapSize                   = 4096                                   {pd product} {ergonomic}
    uintx NonProfiledCodeHeapSize                  = 0                                      {pd product} {ergonomic}
     bool ProfileInterpreter                       = false                                  {pd product} {command line}
    uintx ProfiledCodeHeapSize                     = 0                                      {pd product} {ergonomic}
   size_t SoftMaxHeapSize                          = 1023410176                             {manageable} {ergonomic}
     intx TieredStopAtLevel                        = 1                                         {product} {command line}
     bool UseCompressedOops                        = true                           {product lp64_product} {ergonomic}
     bool UseG1GC                                  = true                                      {product} {ergonomic}
     bool UseLargePagesIndividualAllocation        = false                                  {pd product} {ergonomic}

Logging:
Log output configuration:
 #0: stdout all=warning uptime,level,tags foldmultilines=false
 #1: stderr all=off uptime,level,tags foldmultilines=false

Environment Variables:
PATH=C:\Program Files\Common Files\Oracle\Java\javapath;C:\Python314\Scripts\;C:\Python314\;C:\WINDOWS\system32;C:\WINDOWS;C:\WINDOWS\System32\Wbem;C:\WINDOWS\System32\WindowsPowerShell\v1.0\;C:\WINDOWS\System32\OpenSSH\;C:\Program Files\dotnet\;C:\Program Files\nodejs\;C:\ProgramData\chocolatey\bin;C:\Program Files\Git\cmd;C:\Program Files\cursor\resources\app\bin;C:\Program Files (x86)\Microsoft SQL Server\170\Tools\Binn\;C:\Program Files\Microsoft SQL Server\170\Tools\Binn\;C:\Program Files\Microsoft SQL Server\Client SDK\ODBC\180\Tools\Binn\;C:\Program Files\Microsoft SQL Server\170\DTS\Binn\;C:\apache-maven-3.9.12\bin;;C:\Program Files\Docker\Docker\resources\bin;C:\Program Files\Microsoft SQL Server\Client SDK\ODBC\170\Tools\Binn\;C:\Users\user\AppData\Local\Microsoft\WindowsApps;C:\Users\user\AppData\Local\Programs\Microsoft VS Code\bin;C:\Users\user\.dotnet\tools;C:\Users\user\AppData\Roaming\npm;C:\Users\user\AppData\Local\Programs\Windsurf\bin;C:\Users\user\AppData\Local\Programs\Antigravity\bin;C:\Users\user\.maven\apache-maven-3.9.12\bin;C:\Users\user\.dotnet\tools
USERNAME=user
OS=Windows_NT
PROCESSOR_IDENTIFIER=Intel64 Family 6 Model 156 Stepping 0, GenuineIntel
TMP=C:\Users\user\AppData\Local\Temp
TEMP=C:\Users\user\AppData\Local\Temp




Periodic native trim disabled

---------------  S Y S T E M  ---------------

OS:
 Windows 10 , 64 bit Build 19041 (10.0.19041.5915)
OS uptime: 0 days 9:59 hours
Hyper-V role detected

CPU: total 2 (initial active 2) (2 cores per cpu, 1 threads per core) family 6 model 156 stepping 0 microcode 0x2400001f, cx8, cmov, fxsr, mmx, 3dnowpref, sse, sse2, sse3, ssse3, sse4.1, sse4.2, popcnt, tsc, tscinvbit, aes, erms, clmul, sha, clflush, clflushopt, clwb, hv, rdtscp, rdpid
Processor Information for all 2 processors :
  Max Mhz: 1114, Current Mhz: 1114, Mhz Limit: 1114

Memory: 4k page, system-wide physical 3901M (125M free)
TotalPageFile size 15677M (AvailPageFile size 0M)
current process WorkingSet (physical memory assigned to process): 85M, peak: 85M
current process commit charge ("private bytes"): 151M, peak: 151M

vm_info: Java HotSpot(TM) 64-Bit Server VM (21.0.9+7-LTS-338) for windows-amd64 JRE (21.0.9+7-LTS-338), built on 2025-09-26T06:33:49Z by "mach5run" with MS VC++ 17.6 (VS2022)

END.
